0 verbose cli /Users/michalrubas/.nvm/versions/node/v25.8.0/bin/node /Users/michalrubas/.nvm/versions/node/v25.8.0/bin/npm
1 info using npm@11.11.0
2 info using node@v25.8.0
3 silly config load:file:/Users/michalrubas/.nvm/versions/node/v25.8.0/lib/node_modules/npm/npmrc
4 silly config load:file:/Users/michalrubas/Apps/Minecraft/EduCraft/.npmrc
5 silly config load:file:/Users/michalrubas/.npmrc
6 silly config load:file:/Users/michalrubas/.nvm/versions/node/v25.8.0/etc/npmrc
7 verbose title npm install
8 verbose argv "install" "--cache" ".npm-cache"
9 verbose logfile logs-max:10 dir:/Users/michalrubas/Apps/Minecraft/EduCraft/.npm-cache/_logs/2026-04-13T18_09_52_816Z-
10 verbose logfile /Users/michalrubas/Apps/Minecraft/EduCraft/.npm-cache/_logs/2026-04-13T18_09_52_816Z-debug-0.log
11 silly logfile done cleaning log files
12 silly packumentCache heap:4496293888 maxSize:1124073472 maxEntrySize:562036736
13 silly idealTree buildDeps
14 silly fetch manifest react@^18.3.1
15 silly packumentCache full:https://registry.npmjs.org/react cache-miss
16 http fetch GET 200 https://registry.npmjs.org/npm 320ms
17 http fetch GET 200 https://registry.npmjs.org/react 409ms (cache miss)
18 silly packumentCache full:https://registry.npmjs.org/react set size:undefined disposed:false
19 silly fetch manifest react-dom@^18.3.1
20 silly packumentCache full:https://registry.npmjs.org/react-dom cache-miss
21 http fetch GET 200 https://registry.npmjs.org/react-dom 300ms (cache miss)
22 silly packumentCache full:https://registry.npmjs.org/react-dom set size:undefined disposed:false
23 silly fetch manifest @types/react@^18.3.12
24 silly packumentCache full:https://registry.npmjs.org/@types%2freact cache-miss
25 http fetch GET 200 https://registry.npmjs.org/@types%2freact 118ms (cache miss)
26 silly packumentCache full:https://registry.npmjs.org/@types%2freact set size:undefined disposed:false
27 silly fetch manifest @types/react-dom@^18.3.1
28 silly packumentCache full:https://registry.npmjs.org/@types%2freact-dom cache-miss
29 http fetch GET 200 https://registry.npmjs.org/@types%2freact-dom 93ms (cache miss)
30 silly packumentCache full:https://registry.npmjs.org/@types%2freact-dom set size:undefined disposed:false
31 silly fetch manifest @vitejs/plugin-react@^4.3.1
32 silly packumentCache full:https://registry.npmjs.org/@vitejs%2fplugin-react cache-miss
33 http fetch GET 200 https://registry.npmjs.org/@vitejs%2fplugin-react 82ms (cache miss)
34 silly packumentCache full:https://registry.npmjs.org/@vitejs%2fplugin-react set size:undefined disposed:false
35 silly fetch manifest vite@^5.4.10
36 silly packumentCache full:https://registry.npmjs.org/vite cache-miss
37 http fetch GET 200 https://registry.npmjs.org/vite 964ms (cache miss)
38 silly packumentCache full:https://registry.npmjs.org/vite set size:undefined disposed:false
39 silly fetch manifest @types/node@^18.0.0 || >=20.0.0
40 silly packumentCache full:https://registry.npmjs.org/@types%2fnode cache-miss
41 http fetch GET 200 https://registry.npmjs.org/@types%2fnode 396ms (cache miss)
42 silly packumentCache full:https://registry.npmjs.org/@types%2fnode set size:undefined disposed:false
43 silly fetch manifest less@*
44 silly packumentCache full:https://registry.npmjs.org/less cache-miss
45 http fetch GET 200 https://registry.npmjs.org/less 89ms (cache miss)
46 silly packumentCache full:https://registry.npmjs.org/less set size:undefined disposed:false
47 silly fetch manifest lightningcss@^1.21.0
48 silly packumentCache full:https://registry.npmjs.org/lightningcss cache-miss
49 http fetch GET 200 https://registry.npmjs.org/lightningcss 61ms (cache miss)
50 silly packumentCache full:https://registry.npmjs.org/lightningcss set size:undefined disposed:false
51 silly fetch manifest sass@*
52 silly packumentCache full:https://registry.npmjs.org/sass cache-miss
53 http fetch GET 200 https://registry.npmjs.org/sass 109ms (cache miss)
54 silly packumentCache full:https://registry.npmjs.org/sass set size:undefined disposed:false
55 silly fetch manifest sass-embedded@*
56 silly packumentCache full:https://registry.npmjs.org/sass-embedded cache-miss
57 http fetch GET 200 https://registry.npmjs.org/sass-embedded 82ms (cache miss)
58 silly packumentCache full:https://registry.npmjs.org/sass-embedded set size:undefined disposed:false
59 silly fetch manifest stylus@*
60 silly packumentCache full:https://registry.npmjs.org/stylus cache-miss
61 http fetch GET 200 https://registry.npmjs.org/stylus 102ms (cache miss)
62 silly packumentCache full:https://registry.npmjs.org/stylus set size:undefined disposed:false
63 silly fetch manifest sugarss@*
64 silly packumentCache full:https://registry.npmjs.org/sugarss cache-miss
65 http fetch GET 200 https://registry.npmjs.org/sugarss 61ms (cache miss)
66 silly packumentCache full:https://registry.npmjs.org/sugarss set size:undefined disposed:false
67 silly fetch manifest postcss@^8.3.3
68 silly packumentCache full:https://registry.npmjs.org/postcss cache-miss
69 http fetch GET 200 https://registry.npmjs.org/postcss 180ms (cache miss)
70 silly packumentCache full:https://registry.npmjs.org/postcss set size:undefined disposed:false
71 silly fetch manifest terser@^5.4.0
72 silly packumentCache full:https://registry.npmjs.org/terser cache-miss
73 http fetch GET 200 https://registry.npmjs.org/terser 154ms (cache miss)
74 silly packumentCache full:https://registry.npmjs.org/terser set size:undefined disposed:false
75 silly fetch manifest typescript@^5.6.3
76 silly packumentCache full:https://registry.npmjs.org/typescript cache-miss
77 http fetch GET 200 https://registry.npmjs.org/typescript 468ms (cache miss)
78 silly packumentCache full:https://registry.npmjs.org/typescript set size:undefined disposed:false
79 silly placeDep ROOT @types/react@18.3.28 OK for: educraft@0.1.0 want: ^18.3.12
80 silly placeDep ROOT @types/react-dom@18.3.7 OK for: educraft@0.1.0 want: ^18.3.1
81 silly placeDep ROOT @vitejs/plugin-react@4.7.0 OK for: educraft@0.1.0 want: ^4.3.1
82 silly placeDep ROOT vite@5.4.21 OK for: @vitejs/plugin-react@4.7.0 want: ^4.2.0 || ^5.0.0 || ^6.0.0 || ^7.0.0
83 silly placeDep ROOT react@18.3.1 OK for: educraft@0.1.0 want: ^18.3.1
84 silly placeDep ROOT react-dom@18.3.1 OK for: educraft@0.1.0 want: ^18.3.1
85 silly placeDep ROOT typescript@5.9.3 OK for: educraft@0.1.0 want: ^5.6.3
86 silly fetch manifest csstype@^3.2.2
87 silly packumentCache full:https://registry.npmjs.org/csstype cache-miss
88 silly fetch manifest @types/prop-types@*
89 silly packumentCache full:https://registry.npmjs.org/@types%2fprop-types cache-miss
90 silly fetch manifest @babel/core@^7.28.0
91 silly packumentCache full:https://registry.npmjs.org/@babel%2fcore cache-miss
92 silly fetch manifest react-refresh@^0.17.0
93 silly packumentCache full:https://registry.npmjs.org/react-refresh cache-miss
94 silly fetch manifest @types/babel__core@^7.20.5
95 silly packumentCache full:https://registry.npmjs.org/@types%2fbabel__core cache-miss
96 silly fetch manifest @rolldown/pluginutils@1.0.0-beta.27
97 silly packumentCache full:https://registry.npmjs.org/@rolldown%2fpluginutils cache-miss
98 silly fetch manifest @babel/plugin-transform-react-jsx-self@^7.27.1
99 silly packumentCache full:https://registry.npmjs.org/@babel%2fplugin-transform-react-jsx-self cache-miss
100 silly fetch manifest @babel/plugin-transform-react-jsx-source@^7.27.1
101 silly packumentCache full:https://registry.npmjs.org/@babel%2fplugin-transform-react-jsx-source cache-miss
102 silly fetch manifest rollup@^4.20.0
103 silly packumentCache full:https://registry.npmjs.org/rollup cache-miss
104 http fetch GET 200 https://registry.npmjs.org/csstype 86ms (cache miss)
105 silly packumentCache full:https://registry.npmjs.org/csstype set size:undefined disposed:false
106 silly fetch manifest esbuild@^0.21.3
107 silly packumentCache full:https://registry.npmjs.org/esbuild cache-miss
108 http fetch GET 200 https://registry.npmjs.org/@types%2fprop-types 101ms (cache miss)
109 silly packumentCache full:https://registry.npmjs.org/@types%2fprop-types set size:undefined disposed:false
110 silly fetch manifest postcss@^8.4.43
111 silly packumentCache full:https://registry.npmjs.org/postcss cache-miss
112 http cache https://registry.npmjs.org/postcss 2ms (cache hit)
113 silly packumentCache full:https://registry.npmjs.org/postcss set size:705229 disposed:false
114 silly fetch manifest fsevents@~2.3.3
115 silly packumentCache full:https://registry.npmjs.org/fsevents cache-miss
116 http fetch GET 200 https://registry.npmjs.org/esbuild 100ms (cache miss)
117 silly packumentCache full:https://registry.npmjs.org/esbuild set size:undefined disposed:false
118 silly fetch manifest loose-envify@^1.1.0
119 silly packumentCache full:https://registry.npmjs.org/loose-envify cache-miss
120 http fetch GET 200 https://registry.npmjs.org/fsevents 88ms (cache miss)
121 silly packumentCache full:https://registry.npmjs.org/fsevents set size:undefined disposed:false
122 silly fetch manifest scheduler@^0.23.2
123 silly packumentCache full:https://registry.npmjs.org/scheduler cache-miss
124 http fetch GET 200 https://registry.npmjs.org/@types%2fbabel__core 231ms (cache miss)
125 silly packumentCache full:https://registry.npmjs.org/@types%2fbabel__core set size:undefined disposed:false
126 silly fetch manifest loose-envify@^1.1.0
127 silly packumentCache full:https://registry.npmjs.org/loose-envify cache-miss
128 http fetch GET 200 https://registry.npmjs.org/@babel%2fplugin-transform-react-jsx-source 230ms (cache miss)
129 silly packumentCache full:https://registry.npmjs.org/@babel%2fplugin-transform-react-jsx-source set size:undefined disposed:false
130 http fetch GET 200 https://registry.npmjs.org/@babel%2fplugin-transform-react-jsx-self 234ms (cache miss)
131 silly packumentCache full:https://registry.npmjs.org/@babel%2fplugin-transform-react-jsx-self set size:undefined disposed:false
132 http fetch GET 200 https://registry.npmjs.org/@rolldown%2fpluginutils 257ms (cache miss)
133 silly packumentCache full:https://registry.npmjs.org/@rolldown%2fpluginutils set size:undefined disposed:false
134 http fetch GET 200 https://registry.npmjs.org/loose-envify 67ms (cache miss)
135 silly packumentCache full:https://registry.npmjs.org/loose-envify set size:undefined disposed:false
136 http fetch GET 200 https://registry.npmjs.org/@babel%2fcore 265ms (cache miss)
137 silly packumentCache full:https://registry.npmjs.org/@babel%2fcore set size:undefined disposed:false
138 http fetch GET 200 https://registry.npmjs.org/loose-envify 69ms (cache miss)
139 silly packumentCache full:https://registry.npmjs.org/loose-envify set size:undefined disposed:false
140 http fetch GET 200 https://registry.npmjs.org/scheduler 437ms (cache miss)
141 silly packumentCache full:https://registry.npmjs.org/scheduler set size:undefined disposed:false
142 http fetch GET 200 https://registry.npmjs.org/rollup 657ms (cache miss)
143 silly packumentCache full:https://registry.npmjs.org/rollup set size:undefined disposed:false
144 http fetch GET 200 https://registry.npmjs.org/react-refresh 855ms (cache miss)
145 silly packumentCache full:https://registry.npmjs.org/react-refresh set size:undefined disposed:false
146 silly placeDep ROOT @types/prop-types@15.7.15 OK for: @types/react@18.3.28 want: *
147 silly placeDep ROOT csstype@3.2.3 OK for: @types/react@18.3.28 want: ^3.2.2
148 silly placeDep ROOT @babel/core@7.29.0 OK for: @vitejs/plugin-react@4.7.0 want: ^7.28.0
149 silly placeDep ROOT @babel/plugin-transform-react-jsx-self@7.27.1 OK for: @vitejs/plugin-react@4.7.0 want: ^7.27.1
150 silly placeDep ROOT @babel/plugin-transform-react-jsx-source@7.27.1 OK for: @vitejs/plugin-react@4.7.0 want: ^7.27.1
151 silly placeDep ROOT @rolldown/pluginutils@1.0.0-beta.27 OK for: @vitejs/plugin-react@4.7.0 want: 1.0.0-beta.27
152 silly placeDep ROOT @types/babel__core@7.20.5 OK for: @vitejs/plugin-react@4.7.0 want: ^7.20.5
153 silly placeDep ROOT react-refresh@0.17.0 OK for: @vitejs/plugin-react@4.7.0 want: ^0.17.0
154 silly fetch manifest debug@^4.1.0
155 silly packumentCache full:https://registry.npmjs.org/debug cache-miss
156 silly fetch manifest json5@^2.2.3
157 silly packumentCache full:https://registry.npmjs.org/json5 cache-miss
158 silly fetch manifest semver@^6.3.1
159 silly packumentCache full:https://registry.npmjs.org/semver cache-miss
160 silly fetch manifest gensync@^1.0.0-beta.2
161 silly packumentCache full:https://registry.npmjs.org/gensync cache-miss
162 silly fetch manifest @babel/types@^7.29.0
163 silly packumentCache full:https://registry.npmjs.org/@babel%2ftypes cache-miss
164 silly fetch manifest @babel/parser@^7.29.0
165 silly packumentCache full:https://registry.npmjs.org/@babel%2fparser cache-miss
166 silly fetch manifest @babel/helpers@^7.28.6
167 silly packumentCache full:https://registry.npmjs.org/@babel%2fhelpers cache-miss
168 silly fetch manifest @babel/template@^7.28.6
169 silly packumentCache full:https://registry.npmjs.org/@babel%2ftemplate cache-miss
170 silly fetch manifest @babel/traverse@^7.29.0
171 silly packumentCache full:https://registry.npmjs.org/@babel%2ftraverse cache-miss
172 http fetch GET 200 https://registry.npmjs.org/json5 66ms (cache miss)
173 silly packumentCache full:https://registry.npmjs.org/json5 set size:undefined disposed:false
174 silly fetch manifest @babel/generator@^7.29.0
175 silly packumentCache full:https://registry.npmjs.org/@babel%2fgenerator cache-miss
176 http fetch GET 200 https://registry.npmjs.org/gensync 82ms (cache miss)
177 silly packumentCache full:https://registry.npmjs.org/gensync set size:undefined disposed:false
178 silly fetch manifest @babel/code-frame@^7.29.0
179 silly packumentCache full:https://registry.npmjs.org/@babel%2fcode-frame cache-miss
180 http fetch GET 200 https://registry.npmjs.org/semver 103ms (cache miss)
181 silly packumentCache full:https://registry.npmjs.org/semver set size:undefined disposed:false
182 silly fetch manifest convert-source-map@^2.0.0
183 silly packumentCache full:https://registry.npmjs.org/convert-source-map cache-miss
184 http fetch GET 200 https://registry.npmjs.org/@babel%2ftemplate 105ms (cache miss)
185 silly packumentCache full:https://registry.npmjs.org/@babel%2ftemplate set size:undefined disposed:false
186 silly fetch manifest @jridgewell/remapping@^2.3.5
187 silly packumentCache full:https://registry.npmjs.org/@jridgewell%2fremapping cache-miss
188 http fetch GET 200 https://registry.npmjs.org/debug 108ms (cache miss)
189 silly packumentCache full:https://registry.npmjs.org/debug set size:undefined disposed:false
190 silly fetch manifest @babel/helper-module-transforms@^7.28.6
191 silly packumentCache full:https://registry.npmjs.org/@babel%2fhelper-module-transforms cache-miss
192 http fetch GET 200 https://registry.npmjs.org/@babel%2fhelpers 147ms (cache miss)
193 silly packumentCache full:https://registry.npmjs.org/@babel%2fhelpers set size:undefined disposed:false
194 silly fetch manifest @babel/helper-compilation-targets@^7.28.6
195 silly packumentCache full:https://registry.npmjs.org/@babel%2fhelper-compilation-targets cache-miss
196 http fetch GET 200 https://registry.npmjs.org/@babel%2ftypes 151ms (cache miss)
197 silly packumentCache full:https://registry.npmjs.org/@babel%2ftypes set size:undefined disposed:false
198 silly fetch manifest @babel/helper-plugin-utils@^7.27.1
199 silly packumentCache full:https://registry.npmjs.org/@babel%2fhelper-plugin-utils cache-miss
200 http fetch GET 200 https://registry.npmjs.org/@babel%2ftraverse 155ms (cache miss)
201 silly packumentCache full:https://registry.npmjs.org/@babel%2ftraverse set size:undefined disposed:false
202 silly fetch manifest @babel/helper-plugin-utils@^7.27.1
203 silly packumentCache full:https://registry.npmjs.org/@babel%2fhelper-plugin-utils cache-miss
204 http fetch GET 200 https://registry.npmjs.org/@babel%2fparser 164ms (cache miss)
205 silly packumentCache full:https://registry.npmjs.org/@babel%2fparser set size:undefined disposed:false
206 silly fetch manifest @babel/types@^7.20.7
207 silly packumentCache full:https://registry.npmjs.org/@babel%2ftypes cache-miss
208 http cache https://registry.npmjs.org/@babel%2ftypes 5ms (cache hit)
209 silly packumentCache full:https://registry.npmjs.org/@babel%2ftypes set size:487885 disposed:false
210 silly fetch manifest @babel/parser@^7.20.7
211 silly packumentCache full:https://registry.npmjs.org/@babel%2fparser cache-miss
212 http fetch GET 200 https://registry.npmjs.org/convert-source-map 68ms (cache miss)
213 silly packumentCache full:https://registry.npmjs.org/convert-source-map set size:undefined disposed:false
214 silly fetch manifest @types/babel__template@*
215 silly packumentCache full:https://registry.npmjs.org/@types%2fbabel__template cache-miss
216 http cache https://registry.npmjs.org/@babel%2fparser 2ms (cache hit)
217 silly packumentCache full:https://registry.npmjs.org/@babel%2fparser set size:718758 disposed:false
218 silly fetch manifest @types/babel__traverse@*
219 silly packumentCache full:https://registry.npmjs.org/@types%2fbabel__traverse cache-miss
220 http fetch GET 200 https://registry.npmjs.org/@babel%2fcode-frame 105ms (cache miss)
221 silly packumentCache full:https://registry.npmjs.org/@babel%2fcode-frame set size:undefined disposed:false
222 silly fetch manifest @types/babel__generator@*
223 silly packumentCache full:https://registry.npmjs.org/@types%2fbabel__generator cache-miss
224 http fetch GET 200 https://registry.npmjs.org/@jridgewell%2fremapping 100ms (cache miss)
225 silly packumentCache full:https://registry.npmjs.org/@jridgewell%2fremapping set size:undefined disposed:false
226 http fetch GET 200 https://registry.npmjs.org/@babel%2fgenerator 153ms (cache miss)
227 silly packumentCache full:https://registry.npmjs.org/@babel%2fgenerator set size:undefined disposed:false
228 http fetch GET 200 https://registry.npmjs.org/@babel%2fhelper-module-transforms 123ms (cache miss)
229 silly packumentCache full:https://registry.npmjs.org/@babel%2fhelper-module-transforms set size:undefined disposed:false
230 http fetch GET 200 https://registry.npmjs.org/@babel%2fhelper-compilation-targets 97ms (cache miss)
231 silly packumentCache full:https://registry.npmjs.org/@babel%2fhelper-compilation-targets set size:undefined disposed:false
232 http fetch GET 200 https://registry.npmjs.org/@babel%2fhelper-plugin-utils 96ms (cache miss)
233 silly packumentCache full:https://registry.npmjs.org/@babel%2fhelper-plugin-utils set size:undefined disposed:false
234 http fetch GET 200 https://registry.npmjs.org/@types%2fbabel__template 78ms (cache miss)
235 silly packumentCache full:https://registry.npmjs.org/@types%2fbabel__template set size:undefined disposed:false
236 http fetch GET 200 https://registry.npmjs.org/@types%2fbabel__traverse 79ms (cache miss)
237 silly packumentCache full:https://registry.npmjs.org/@types%2fbabel__traverse set size:undefined disposed:false
238 http fetch GET 200 https://registry.npmjs.org/@types%2fbabel__generator 76ms (cache miss)
239 silly packumentCache full:https://registry.npmjs.org/@types%2fbabel__generator set size:undefined disposed:false
240 http fetch GET 200 https://registry.npmjs.org/@babel%2fhelper-plugin-utils 110ms (cache miss)
241 silly packumentCache full:https://registry.npmjs.org/@babel%2fhelper-plugin-utils set size:undefined disposed:false
242 silly fetch manifest @babel/core@^7.0.0
243 silly packumentCache full:https://registry.npmjs.org/@babel%2fcore cache-miss
244 http cache https://registry.npmjs.org/@babel%2fcore 1ms (cache hit)
245 silly packumentCache full:https://registry.npmjs.org/@babel%2fcore set size:760113 disposed:false
246 silly placeDep ROOT @babel/code-frame@7.29.0 OK for: @babel/core@7.29.0 want: ^7.29.0
247 silly placeDep ROOT @babel/generator@7.29.1 OK for: @babel/core@7.29.0 want: ^7.29.0
248 silly placeDep ROOT @babel/helper-compilation-targets@7.28.6 OK for: @babel/core@7.29.0 want: ^7.28.6
249 silly placeDep ROOT @babel/helper-module-transforms@7.28.6 OK for: @babel/core@7.29.0 want: ^7.28.6
250 silly placeDep ROOT @babel/helpers@7.29.2 OK for: @babel/core@7.29.0 want: ^7.28.6
251 silly placeDep ROOT @babel/parser@7.29.2 OK for: @babel/core@7.29.0 want: ^7.29.0
252 silly placeDep ROOT @babel/template@7.28.6 OK for: @babel/core@7.29.0 want: ^7.28.6
253 silly placeDep ROOT @babel/traverse@7.29.0 OK for: @babel/core@7.29.0 want: ^7.29.0
254 silly placeDep ROOT @babel/types@7.29.0 OK for: @babel/core@7.29.0 want: ^7.29.0
255 silly placeDep ROOT @jridgewell/remapping@2.3.5 OK for: @babel/core@7.29.0 want: ^2.3.5
256 silly placeDep ROOT convert-source-map@2.0.0 OK for: @babel/core@7.29.0 want: ^2.0.0
257 silly placeDep ROOT debug@4.4.3 OK for: @babel/core@7.29.0 want: ^4.1.0
258 silly placeDep ROOT gensync@1.0.0-beta.2 OK for: @babel/core@7.29.0 want: ^1.0.0-beta.2
259 silly placeDep ROOT json5@2.2.3 OK for: @babel/core@7.29.0 want: ^2.2.3
260 silly placeDep ROOT semver@6.3.1 OK for: @babel/core@7.29.0 want: ^6.3.1
261 silly fetch manifest js-tokens@^4.0.0
262 silly packumentCache full:https://registry.npmjs.org/js-tokens cache-miss
263 silly fetch manifest picocolors@^1.1.1
264 silly packumentCache full:https://registry.npmjs.org/picocolors cache-miss
265 silly fetch manifest @babel/helper-validator-identifier@^7.28.5
266 silly packumentCache full:https://registry.npmjs.org/@babel%2fhelper-validator-identifier cache-miss
267 silly fetch manifest jsesc@^3.0.2
268 silly packumentCache full:https://registry.npmjs.org/jsesc cache-miss
269 silly fetch manifest @jridgewell/gen-mapping@^0.3.12
270 silly packumentCache full:https://registry.npmjs.org/@jridgewell%2fgen-mapping cache-miss
271 silly fetch manifest @jridgewell/trace-mapping@^0.3.28
272 silly packumentCache full:https://registry.npmjs.org/@jridgewell%2ftrace-mapping cache-miss
273 silly fetch manifest lru-cache@^5.1.1
274 silly packumentCache full:https://registry.npmjs.org/lru-cache cache-miss
275 silly fetch manifest browserslist@^4.24.0
276 silly packumentCache full:https://registry.npmjs.org/browserslist cache-miss
277 silly fetch manifest @babel/compat-data@^7.28.6
278 silly packumentCache full:https://registry.npmjs.org/@babel%2fcompat-data cache-miss
279 http fetch GET 200 https://registry.npmjs.org/picocolors 72ms (cache miss)
280 silly packumentCache full:https://registry.npmjs.org/picocolors set size:undefined disposed:false
281 silly fetch manifest @babel/helper-validator-option@^7.27.1
282 silly packumentCache full:https://registry.npmjs.org/@babel%2fhelper-validator-option cache-miss
283 http fetch GET 200 https://registry.npmjs.org/browserslist 80ms (cache miss)
284 silly packumentCache full:https://registry.npmjs.org/browserslist set size:undefined disposed:false
285 silly fetch manifest @babel/traverse@^7.28.6
286 silly packumentCache full:https://registry.npmjs.org/@babel%2ftraverse cache-miss
287 http fetch GET 200 https://registry.npmjs.org/jsesc 84ms (cache miss)
288 silly packumentCache full:https://registry.npmjs.org/jsesc set size:undefined disposed:false
289 silly fetch manifest @babel/helper-module-imports@^7.28.6
290 silly packumentCache full:https://registry.npmjs.org/@babel%2fhelper-module-imports cache-miss
291 http cache https://registry.npmjs.org/@babel%2ftraverse 2ms (cache hit)
292 silly packumentCache full:https://registry.npmjs.org/@babel%2ftraverse set size:548722 disposed:false
293 silly fetch manifest @babel/helper-validator-identifier@^7.28.5
294 silly packumentCache full:https://registry.npmjs.org/@babel%2fhelper-validator-identifier cache-miss
295 http fetch GET 200 https://registry.npmjs.org/js-tokens 98ms (cache miss)
296 silly packumentCache full:https://registry.npmjs.org/js-tokens set size:undefined disposed:false
297 silly fetch manifest @babel/types@^7.28.6
298 silly packumentCache full:https://registry.npmjs.org/@babel%2ftypes cache-hit
299 silly fetch manifest debug@^4.3.1
300 silly packumentCache full:https://registry.npmjs.org/debug cache-miss
301 http cache https://registry.npmjs.org/debug 0ms (cache hit)
302 silly packumentCache full:https://registry.npmjs.org/debug set size:195840 disposed:false
303 silly fetch manifest @babel/helper-globals@^7.28.0
304 silly packumentCache full:https://registry.npmjs.org/@babel%2fhelper-globals cache-miss
305 http fetch GET 200 https://registry.npmjs.org/lru-cache 103ms (cache miss)
306 silly packumentCache full:https://registry.npmjs.org/lru-cache set size:undefined disposed:false
307 silly fetch manifest @babel/helper-string-parser@^7.27.1
308 silly packumentCache full:https://registry.npmjs.org/@babel%2fhelper-string-parser cache-miss
309 http fetch GET 200 https://registry.npmjs.org/@jridgewell%2fgen-mapping 112ms (cache miss)
310 silly packumentCache full:https://registry.npmjs.org/@jridgewell%2fgen-mapping set size:undefined disposed:false
311 silly fetch manifest @babel/helper-validator-identifier@^7.28.5
312 silly packumentCache full:https://registry.npmjs.org/@babel%2fhelper-validator-identifier cache-miss
313 http fetch GET 200 https://registry.npmjs.org/@jridgewell%2ftrace-mapping 113ms (cache miss)
314 silly packumentCache full:https://registry.npmjs.org/@jridgewell%2ftrace-mapping set size:undefined disposed:false
315 silly fetch manifest @jridgewell/gen-mapping@^0.3.5
316 silly packumentCache full:https://registry.npmjs.org/@jridgewell%2fgen-mapping cache-miss
317 http fetch GET 200 https://registry.npmjs.org/@babel%2fhelper-validator-identifier 114ms (cache miss)
318 silly packumentCache full:https://registry.npmjs.org/@babel%2fhelper-validator-identifier set size:undefined disposed:false
319 silly fetch manifest @jridgewell/trace-mapping@^0.3.24
320 silly packumentCache full:https://registry.npmjs.org/@jridgewell%2ftrace-mapping cache-miss
321 http cache https://registry.npmjs.org/@jridgewell%2fgen-mapping 1ms (cache hit)
322 silly packumentCache full:https://registry.npmjs.org/@jridgewell%2fgen-mapping set size:80719 disposed:false
323 silly fetch manifest ms@^2.1.3
324 silly packumentCache full:https://registry.npmjs.org/ms cache-miss
325 http cache https://registry.npmjs.org/@jridgewell%2ftrace-mapping 2ms (cache hit)
326 silly packumentCache full:https://registry.npmjs.org/@jridgewell%2ftrace-mapping set size:170909 disposed:false
327 http fetch GET 200 https://registry.npmjs.org/@babel%2fcompat-data 117ms (cache miss)
328 silly packumentCache full:https://registry.npmjs.org/@babel%2fcompat-data set size:undefined disposed:false
329 http fetch GET 200 https://registry.npmjs.org/@babel%2fhelper-validator-option 79ms (cache miss)
330 silly packumentCache full:https://registry.npmjs.org/@babel%2fhelper-validator-option set size:undefined disposed:false
331 http fetch GET 200 https://registry.npmjs.org/@babel%2fhelper-globals 66ms (cache miss)
332 silly packumentCache full:https://registry.npmjs.org/@babel%2fhelper-globals set size:undefined disposed:false
333 http fetch GET 200 https://registry.npmjs.org/@babel%2fhelper-validator-identifier 91ms (cache miss)
334 silly packumentCache full:https://registry.npmjs.org/@babel%2fhelper-validator-identifier set size:undefined disposed:false
335 http fetch GET 200 https://registry.npmjs.org/@babel%2fhelper-string-parser 78ms (cache miss)
336 silly packumentCache full:https://registry.npmjs.org/@babel%2fhelper-string-parser set size:undefined disposed:false
337 http fetch GET 200 https://registry.npmjs.org/@babel%2fhelper-module-imports 112ms (cache miss)
338 silly packumentCache full:https://registry.npmjs.org/@babel%2fhelper-module-imports set size:undefined disposed:false
339 http fetch GET 200 https://registry.npmjs.org/ms 81ms (cache miss)
340 silly packumentCache full:https://registry.npmjs.org/ms set size:undefined disposed:false
341 http fetch GET 200 https://registry.npmjs.org/@babel%2fhelper-validator-identifier 87ms (cache miss)
342 silly packumentCache full:https://registry.npmjs.org/@babel%2fhelper-validator-identifier set size:undefined disposed:false
343 silly placeDep ROOT @babel/helper-validator-identifier@7.28.5 OK for: @babel/code-frame@7.29.0 want: ^7.28.5
344 silly placeDep ROOT js-tokens@4.0.0 OK for: @babel/code-frame@7.29.0 want: ^4.0.0
345 silly placeDep ROOT picocolors@1.1.1 OK for: @babel/code-frame@7.29.0 want: ^1.1.1
346 silly placeDep ROOT @jridgewell/gen-mapping@0.3.13 OK for: @babel/generator@7.29.1 want: ^0.3.12
347 silly placeDep ROOT @jridgewell/trace-mapping@0.3.31 OK for: @babel/generator@7.29.1 want: ^0.3.28
348 silly placeDep ROOT jsesc@3.1.0 OK for: @babel/generator@7.29.1 want: ^3.0.2
349 silly fetch manifest @jridgewell/sourcemap-codec@^1.5.0
350 silly packumentCache full:https://registry.npmjs.org/@jridgewell%2fsourcemap-codec cache-miss
351 silly fetch manifest @jridgewell/resolve-uri@^3.1.0
352 silly packumentCache full:https://registry.npmjs.org/@jridgewell%2fresolve-uri cache-miss
353 silly fetch manifest @jridgewell/sourcemap-codec@^1.4.14
354 silly packumentCache full:https://registry.npmjs.org/@jridgewell%2fsourcemap-codec cache-miss
355 http fetch GET 200 https://registry.npmjs.org/@jridgewell%2fsourcemap-codec 77ms (cache miss)
356 silly packumentCache full:https://registry.npmjs.org/@jridgewell%2fsourcemap-codec set size:undefined disposed:false
357 http fetch GET 200 https://registry.npmjs.org/@jridgewell%2fsourcemap-codec 78ms (cache miss)
358 silly packumentCache full:https://registry.npmjs.org/@jridgewell%2fsourcemap-codec set size:undefined disposed:false
359 http fetch GET 200 https://registry.npmjs.org/@jridgewell%2fresolve-uri 86ms (cache miss)
360 silly packumentCache full:https://registry.npmjs.org/@jridgewell%2fresolve-uri set size:undefined disposed:false
361 silly placeDep ROOT @babel/compat-data@7.29.0 OK for: @babel/helper-compilation-targets@7.28.6 want: ^7.28.6
362 silly placeDep ROOT @babel/helper-validator-option@7.27.1 OK for: @babel/helper-compilation-targets@7.28.6 want: ^7.27.1
363 silly placeDep ROOT browserslist@4.28.2 OK for: @babel/helper-compilation-targets@7.28.6 want: ^4.24.0
364 silly placeDep ROOT lru-cache@5.1.1 OK for: @babel/helper-compilation-targets@7.28.6 want: ^5.1.1
365 silly fetch manifest baseline-browser-mapping@^2.10.12
366 silly packumentCache full:https://registry.npmjs.org/baseline-browser-mapping cache-miss
367 silly fetch manifest caniuse-lite@^1.0.30001782
368 silly packumentCache full:https://registry.npmjs.org/caniuse-lite cache-miss
369 silly fetch manifest electron-to-chromium@^1.5.328
370 silly packumentCache full:https://registry.npmjs.org/electron-to-chromium cache-miss
371 silly fetch manifest node-releases@^2.0.36
372 silly packumentCache full:https://registry.npmjs.org/node-releases cache-miss
373 silly fetch manifest update-browserslist-db@^1.2.3
374 silly packumentCache full:https://registry.npmjs.org/update-browserslist-db cache-miss
375 silly fetch manifest yallist@^3.0.2
376 silly packumentCache full:https://registry.npmjs.org/yallist cache-miss
377 http fetch GET 200 https://registry.npmjs.org/update-browserslist-db 62ms (cache miss)
378 silly packumentCache full:https://registry.npmjs.org/update-browserslist-db set size:undefined disposed:false
379 http fetch GET 200 https://registry.npmjs.org/baseline-browser-mapping 66ms (cache miss)
380 silly packumentCache full:https://registry.npmjs.org/baseline-browser-mapping set size:undefined disposed:false
381 http fetch GET 200 https://registry.npmjs.org/node-releases 84ms (cache miss)
382 silly packumentCache full:https://registry.npmjs.org/node-releases set size:undefined disposed:false
383 http fetch GET 200 https://registry.npmjs.org/yallist 88ms (cache miss)
384 silly packumentCache full:https://registry.npmjs.org/yallist set size:undefined disposed:false
385 http fetch GET 200 https://registry.npmjs.org/caniuse-lite 192ms (cache miss)
386 silly packumentCache full:https://registry.npmjs.org/caniuse-lite set size:undefined disposed:false
387 http fetch GET 200 https://registry.npmjs.org/electron-to-chromium 589ms (cache miss)
388 silly packumentCache full:https://registry.npmjs.org/electron-to-chromium set size:undefined disposed:false
389 silly placeDep ROOT @babel/helper-module-imports@7.28.6 OK for: @babel/helper-module-transforms@7.28.6 want: ^7.28.6
390 silly placeDep ROOT @babel/helper-plugin-utils@7.28.6 OK for: @babel/plugin-transform-react-jsx-self@7.27.1 want: ^7.27.1
391 silly placeDep ROOT @babel/helper-globals@7.28.0 OK for: @babel/traverse@7.29.0 want: ^7.28.0
392 silly placeDep ROOT @babel/helper-string-parser@7.27.1 OK for: @babel/types@7.29.0 want: ^7.27.1
393 silly placeDep ROOT @jridgewell/sourcemap-codec@1.5.5 OK for: @jridgewell/gen-mapping@0.3.13 want: ^1.5.0
394 silly placeDep ROOT @jridgewell/resolve-uri@3.1.2 OK for: @jridgewell/trace-mapping@0.3.31 want: ^3.1.0
395 silly placeDep ROOT @types/babel__generator@7.27.0 OK for: @types/babel__core@7.20.5 want: *
396 silly placeDep ROOT @types/babel__template@7.4.4 OK for: @types/babel__core@7.20.5 want: *
397 silly placeDep ROOT @types/babel__traverse@7.28.0 OK for: @types/babel__core@7.20.5 want: *
398 silly fetch manifest browserslist@>= 4.21.0
399 silly packumentCache full:https://registry.npmjs.org/browserslist cache-miss
400 http cache https://registry.npmjs.org/browserslist 2ms (cache hit)
401 silly packumentCache full:https://registry.npmjs.org/browserslist set size:504681 disposed:false
402 silly placeDep ROOT baseline-browser-mapping@2.10.18 OK for: browserslist@4.28.2 want: ^2.10.12
403 silly placeDep ROOT caniuse-lite@1.0.30001787 OK for: browserslist@4.28.2 want: ^1.0.30001782
404 silly placeDep ROOT electron-to-chromium@1.5.335 OK for: browserslist@4.28.2 want: ^1.5.328
405 silly placeDep ROOT node-releases@2.0.37 OK for: browserslist@4.28.2 want: ^2.0.36
406 silly placeDep ROOT update-browserslist-db@1.2.3 OK for: browserslist@4.28.2 want: ^1.2.3
407 silly fetch manifest escalade@^3.2.0
408 silly packumentCache full:https://registry.npmjs.org/escalade cache-miss
409 http fetch GET 200 https://registry.npmjs.org/escalade 67ms (cache miss)
410 silly packumentCache full:https://registry.npmjs.org/escalade set size:undefined disposed:false
411 silly placeDep ROOT ms@2.1.3 OK for: debug@4.4.3 want: ^2.1.3
412 silly placeDep ROOT yallist@3.1.1 OK for: lru-cache@5.1.1 want: ^3.0.2
413 silly placeDep ROOT loose-envify@1.4.0 OK for: react@18.3.1 want: ^1.1.0
414 silly placeDep ROOT scheduler@0.23.2 OK for: react-dom@18.3.1 want: ^0.23.2
415 silly placeDep ROOT escalade@3.2.0 OK for: update-browserslist-db@1.2.3 want: ^3.2.0
416 silly placeDep ROOT esbuild@0.21.5 OK for: vite@5.4.21 want: ^0.21.3
417 silly placeDep ROOT fsevents@2.3.3 OK for: vite@5.4.21 want: ~2.3.3
418 silly placeDep ROOT postcss@8.5.9 OK for: vite@5.4.21 want: ^8.4.43
419 silly placeDep ROOT rollup@4.60.1 OK for: vite@5.4.21 want: ^4.20.0
420 silly fetch manifest @esbuild/aix-ppc64@0.21.5
421 silly packumentCache full:https://registry.npmjs.org/@esbuild%2faix-ppc64 cache-miss
422 silly fetch manifest @esbuild/linux-arm@0.21.5
423 silly packumentCache full:https://registry.npmjs.org/@esbuild%2flinux-arm cache-miss
424 silly fetch manifest @esbuild/linux-x64@0.21.5
425 silly packumentCache full:https://registry.npmjs.org/@esbuild%2flinux-x64 cache-miss
426 silly fetch manifest @esbuild/sunos-x64@0.21.5
427 silly packumentCache full:https://registry.npmjs.org/@esbuild%2fsunos-x64 cache-miss
428 silly fetch manifest @esbuild/win32-x64@0.21.5
429 silly packumentCache full:https://registry.npmjs.org/@esbuild%2fwin32-x64 cache-miss
430 silly fetch manifest @esbuild/darwin-x64@0.21.5
431 silly packumentCache full:https://registry.npmjs.org/@esbuild%2fdarwin-x64 cache-miss
432 silly fetch manifest @esbuild/linux-ia32@0.21.5
433 silly packumentCache full:https://registry.npmjs.org/@esbuild%2flinux-ia32 cache-miss
434 silly fetch manifest @esbuild/netbsd-x64@0.21.5
435 silly packumentCache full:https://registry.npmjs.org/@esbuild%2fnetbsd-x64 cache-miss
436 silly fetch manifest @esbuild/win32-ia32@0.21.5
437 silly packumentCache full:https://registry.npmjs.org/@esbuild%2fwin32-ia32 cache-miss
438 http fetch GET 200 https://registry.npmjs.org/@esbuild%2fwin32-x64 84ms (cache miss)
439 silly packumentCache full:https://registry.npmjs.org/@esbuild%2fwin32-x64 set size:undefined disposed:false
440 silly fetch manifest @esbuild/android-arm@0.21.5
441 silly packumentCache full:https://registry.npmjs.org/@esbuild%2fandroid-arm cache-miss
442 http fetch GET 200 https://registry.npmjs.org/@esbuild%2faix-ppc64 91ms (cache miss)
443 silly packumentCache full:https://registry.npmjs.org/@esbuild%2faix-ppc64 set size:undefined disposed:false
444 silly fetch manifest @esbuild/android-x64@0.21.5
445 silly packumentCache full:https://registry.npmjs.org/@esbuild%2fandroid-x64 cache-miss
446 http fetch GET 200 https://registry.npmjs.org/@esbuild%2fwin32-ia32 101ms (cache miss)
447 silly packumentCache full:https://registry.npmjs.org/@esbuild%2fwin32-ia32 set size:undefined disposed:false
448 silly fetch manifest @esbuild/freebsd-x64@0.21.5
449 silly packumentCache full:https://registry.npmjs.org/@esbuild%2ffreebsd-x64 cache-miss
450 http fetch GET 200 https://registry.npmjs.org/@esbuild%2fdarwin-x64 114ms (cache miss)
451 silly packumentCache full:https://registry.npmjs.org/@esbuild%2fdarwin-x64 set size:undefined disposed:false
452 silly fetch manifest @esbuild/linux-arm64@0.21.5
453 silly packumentCache full:https://registry.npmjs.org/@esbuild%2flinux-arm64 cache-miss
454 http fetch GET 200 https://registry.npmjs.org/@esbuild%2fnetbsd-x64 136ms (cache miss)
455 silly packumentCache full:https://registry.npmjs.org/@esbuild%2fnetbsd-x64 set size:undefined disposed:false
456 silly fetch manifest @esbuild/linux-ppc64@0.21.5
457 silly packumentCache full:https://registry.npmjs.org/@esbuild%2flinux-ppc64 cache-miss
458 http fetch GET 200 https://registry.npmjs.org/@esbuild%2fsunos-x64 140ms (cache miss)
459 silly packumentCache full:https://registry.npmjs.org/@esbuild%2fsunos-x64 set size:undefined disposed:false
460 silly fetch manifest @esbuild/linux-s390x@0.21.5
461 silly packumentCache full:https://registry.npmjs.org/@esbuild%2flinux-s390x cache-miss
462 http fetch GET 200 https://registry.npmjs.org/@esbuild%2flinux-arm 143ms (cache miss)
463 silly packumentCache full:https://registry.npmjs.org/@esbuild%2flinux-arm set size:undefined disposed:false
464 silly fetch manifest @esbuild/openbsd-x64@0.21.5
465 silly packumentCache full:https://registry.npmjs.org/@esbuild%2fopenbsd-x64 cache-miss
466 http fetch GET 200 https://registry.npmjs.org/@esbuild%2flinux-x64 144ms (cache miss)
467 silly packumentCache full:https://registry.npmjs.org/@esbuild%2flinux-x64 set size:undefined disposed:false
468 silly fetch manifest @esbuild/win32-arm64@0.21.5
469 silly packumentCache full:https://registry.npmjs.org/@esbuild%2fwin32-arm64 cache-miss
470 http fetch GET 200 https://registry.npmjs.org/@esbuild%2fandroid-arm 90ms (cache miss)
471 silly packumentCache full:https://registry.npmjs.org/@esbuild%2fandroid-arm set size:undefined disposed:false
472 silly fetch manifest @esbuild/darwin-arm64@0.21.5
473 silly packumentCache full:https://registry.npmjs.org/@esbuild%2fdarwin-arm64 cache-miss
474 http fetch GET 200 https://registry.npmjs.org/@esbuild%2ffreebsd-x64 95ms (cache miss)
475 silly packumentCache full:https://registry.npmjs.org/@esbuild%2ffreebsd-x64 set size:undefined disposed:false
476 silly fetch manifest @esbuild/android-arm64@0.21.5
477 silly packumentCache full:https://registry.npmjs.org/@esbuild%2fandroid-arm64 cache-miss
478 http fetch GET 200 https://registry.npmjs.org/@esbuild%2fandroid-x64 115ms (cache miss)
479 silly packumentCache full:https://registry.npmjs.org/@esbuild%2fandroid-x64 set size:undefined disposed:false
480 silly fetch manifest @esbuild/freebsd-arm64@0.21.5
481 silly packumentCache full:https://registry.npmjs.org/@esbuild%2ffreebsd-arm64 cache-miss
482 http fetch GET 200 https://registry.npmjs.org/@esbuild%2flinux-ppc64 95ms (cache miss)
483 silly packumentCache full:https://registry.npmjs.org/@esbuild%2flinux-ppc64 set size:undefined disposed:false
484 silly fetch manifest @esbuild/linux-loong64@0.21.5
485 silly packumentCache full:https://registry.npmjs.org/@esbuild%2flinux-loong64 cache-miss
486 http fetch GET 200 https://registry.npmjs.org/@esbuild%2fwin32-arm64 95ms (cache miss)
487 silly packumentCache full:https://registry.npmjs.org/@esbuild%2fwin32-arm64 set size:undefined disposed:false
488 silly fetch manifest @esbuild/linux-riscv64@0.21.5
489 silly packumentCache full:https://registry.npmjs.org/@esbuild%2flinux-riscv64 cache-miss
490 http fetch GET 200 https://registry.npmjs.org/@esbuild%2flinux-s390x 104ms (cache miss)
491 silly packumentCache full:https://registry.npmjs.org/@esbuild%2flinux-s390x set size:undefined disposed:false
492 silly fetch manifest @esbuild/linux-mips64el@0.21.5
493 silly packumentCache full:https://registry.npmjs.org/@esbuild%2flinux-mips64el cache-miss
494 http fetch GET 200 https://registry.npmjs.org/@esbuild%2flinux-arm64 145ms (cache miss)
495 silly packumentCache full:https://registry.npmjs.org/@esbuild%2flinux-arm64 set size:undefined disposed:false
496 silly fetch manifest nanoid@^3.3.11
497 silly packumentCache full:https://registry.npmjs.org/nanoid cache-miss
498 http fetch GET 200 https://registry.npmjs.org/@esbuild%2fdarwin-arm64 83ms (cache miss)
499 silly packumentCache full:https://registry.npmjs.org/@esbuild%2fdarwin-arm64 set size:undefined disposed:false
500 silly fetch manifest source-map-js@^1.2.1
501 silly packumentCache full:https://registry.npmjs.org/source-map-js cache-miss
502 http fetch GET 200 https://registry.npmjs.org/@esbuild%2fopenbsd-x64 123ms (cache miss)
503 silly packumentCache full:https://registry.npmjs.org/@esbuild%2fopenbsd-x64 set size:undefined disposed:false
504 silly fetch manifest @types/estree@1.0.8
505 silly packumentCache full:https://registry.npmjs.org/@types%2festree cache-miss
506 http fetch GET 200 https://registry.npmjs.org/@esbuild%2flinux-ia32 284ms (cache miss)
507 silly packumentCache full:https://registry.npmjs.org/@esbuild%2flinux-ia32 set size:undefined disposed:false
508 silly fetch manifest @rollup/rollup-darwin-arm64@4.60.1
509 silly packumentCache full:https://registry.npmjs.org/@rollup%2frollup-darwin-arm64 cache-miss
510 http fetch GET 200 https://registry.npmjs.org/@esbuild%2fandroid-arm64 110ms (cache miss)
511 silly packumentCache full:https://registry.npmjs.org/@esbuild%2fandroid-arm64 set size:undefined disposed:false
512 silly fetch manifest @rollup/rollup-android-arm64@4.60.1
513 silly packumentCache full:https://registry.npmjs.org/@rollup%2frollup-android-arm64 cache-miss
514 http fetch GET 200 https://registry.npmjs.org/@esbuild%2ffreebsd-arm64 103ms (cache miss)
515 silly packumentCache full:https://registry.npmjs.org/@esbuild%2ffreebsd-arm64 set size:undefined disposed:false
516 silly fetch manifest @rollup/rollup-win32-arm64-msvc@4.60.1
517 silly packumentCache full:https://registry.npmjs.org/@rollup%2frollup-win32-arm64-msvc cache-miss
518 http fetch GET 200 https://registry.npmjs.org/source-map-js 53ms (cache miss)
519 silly packumentCache full:https://registry.npmjs.org/source-map-js set size:undefined disposed:false
520 silly fetch manifest @rollup/rollup-freebsd-arm64@4.60.1
521 silly packumentCache full:https://registry.npmjs.org/@rollup%2frollup-freebsd-arm64 cache-miss
522 http fetch GET 200 https://registry.npmjs.org/@esbuild%2flinux-riscv64 105ms (cache miss)
523 silly packumentCache full:https://registry.npmjs.org/@esbuild%2flinux-riscv64 set size:undefined disposed:false
524 silly fetch manifest @rollup/rollup-linux-arm64-gnu@4.60.1
525 silly packumentCache full:https://registry.npmjs.org/@rollup%2frollup-linux-arm64-gnu cache-miss
526 http fetch GET 200 https://registry.npmjs.org/@esbuild%2flinux-loong64 115ms (cache miss)
527 silly packumentCache full:https://registry.npmjs.org/@esbuild%2flinux-loong64 set size:undefined disposed:false
528 silly fetch manifest @rollup/rollup-linux-arm64-musl@4.60.1
529 silly packumentCache full:https://registry.npmjs.org/@rollup%2frollup-linux-arm64-musl cache-miss
530 http fetch GET 200 https://registry.npmjs.org/nanoid 88ms (cache miss)
531 silly packumentCache full:https://registry.npmjs.org/nanoid set size:undefined disposed:false
532 silly fetch manifest @rollup/rollup-android-arm-eabi@4.60.1
533 silly packumentCache full:https://registry.npmjs.org/@rollup%2frollup-android-arm-eabi cache-miss
534 http fetch GET 200 https://registry.npmjs.org/@esbuild%2flinux-mips64el 107ms (cache miss)
535 silly packumentCache full:https://registry.npmjs.org/@esbuild%2flinux-mips64el set size:undefined disposed:false
536 silly fetch manifest @rollup/rollup-linux-arm-gnueabihf@4.60.1
537 silly packumentCache full:https://registry.npmjs.org/@rollup%2frollup-linux-arm-gnueabihf cache-miss
538 http fetch GET 200 https://registry.npmjs.org/@types%2festree 87ms (cache miss)
539 silly packumentCache full:https://registry.npmjs.org/@types%2festree set size:undefined disposed:false
540 silly fetch manifest @rollup/rollup-linux-arm-musleabihf@4.60.1
541 silly packumentCache full:https://registry.npmjs.org/@rollup%2frollup-linux-arm-musleabihf cache-miss
542 http fetch GET 200 https://registry.npmjs.org/@rollup%2frollup-freebsd-arm64 88ms (cache miss)
543 silly packumentCache full:https://registry.npmjs.org/@rollup%2frollup-freebsd-arm64 set size:undefined disposed:false
544 silly fetch manifest @rollup/rollup-win32-ia32-msvc@4.60.1
545 silly packumentCache full:https://registry.npmjs.org/@rollup%2frollup-win32-ia32-msvc cache-miss
546 http fetch GET 200 https://registry.npmjs.org/@rollup%2frollup-android-arm64 119ms (cache miss)
547 silly packumentCache full:https://registry.npmjs.org/@rollup%2frollup-android-arm64 set size:undefined disposed:false
548 silly fetch manifest @rollup/rollup-linux-loong64-gnu@4.60.1
549 silly packumentCache full:https://registry.npmjs.org/@rollup%2frollup-linux-loong64-gnu cache-miss
550 http fetch GET 200 https://registry.npmjs.org/@rollup%2frollup-darwin-arm64 145ms (cache miss)
551 silly packumentCache full:https://registry.npmjs.org/@rollup%2frollup-darwin-arm64 set size:undefined disposed:false
552 silly fetch manifest @rollup/rollup-linux-loong64-musl@4.60.1
553 silly packumentCache full:https://registry.npmjs.org/@rollup%2frollup-linux-loong64-musl cache-miss
554 http fetch GET 200 https://registry.npmjs.org/@rollup%2frollup-win32-arm64-msvc 120ms (cache miss)
555 silly packumentCache full:https://registry.npmjs.org/@rollup%2frollup-win32-arm64-msvc set size:undefined disposed:false
556 silly fetch manifest @rollup/rollup-linux-riscv64-gnu@4.60.1
557 silly packumentCache full:https://registry.npmjs.org/@rollup%2frollup-linux-riscv64-gnu cache-miss
558 http fetch GET 200 https://registry.npmjs.org/@rollup%2frollup-android-arm-eabi 82ms (cache miss)
559 silly packumentCache full:https://registry.npmjs.org/@rollup%2frollup-android-arm-eabi set size:undefined disposed:false
560 silly fetch manifest @rollup/rollup-linux-riscv64-musl@4.60.1
561 silly packumentCache full:https://registry.npmjs.org/@rollup%2frollup-linux-riscv64-musl cache-miss
562 http fetch GET 200 https://registry.npmjs.org/@rollup%2frollup-linux-arm64-gnu 90ms (cache miss)
563 silly packumentCache full:https://registry.npmjs.org/@rollup%2frollup-linux-arm64-gnu set size:undefined disposed:false
564 silly fetch manifest @rollup/rollup-linux-ppc64-gnu@4.60.1
565 silly packumentCache full:https://registry.npmjs.org/@rollup%2frollup-linux-ppc64-gnu cache-miss
566 http fetch GET 200 https://registry.npmjs.org/@rollup%2frollup-linux-arm-musleabihf 100ms (cache miss)
567 silly packumentCache full:https://registry.npmjs.org/@rollup%2frollup-linux-arm-musleabihf set size:undefined disposed:false
568 silly fetch manifest @rollup/rollup-linux-ppc64-musl@4.60.1
569 silly packumentCache full:https://registry.npmjs.org/@rollup%2frollup-linux-ppc64-musl cache-miss
570 http fetch GET 200 https://registry.npmjs.org/@rollup%2frollup-linux-arm64-musl 106ms (cache miss)
571 silly packumentCache full:https://registry.npmjs.org/@rollup%2frollup-linux-arm64-musl set size:undefined disposed:false
572 silly fetch manifest @rollup/rollup-linux-s390x-gnu@4.60.1
573 silly packumentCache full:https://registry.npmjs.org/@rollup%2frollup-linux-s390x-gnu cache-miss
574 http fetch GET 200 https://registry.npmjs.org/@rollup%2frollup-linux-arm-gnueabihf 105ms (cache miss)
575 silly packumentCache full:https://registry.npmjs.org/@rollup%2frollup-linux-arm-gnueabihf set size:undefined disposed:false
576 silly fetch manifest @rollup/rollup-darwin-x64@4.60.1
577 silly packumentCache full:https://registry.npmjs.org/@rollup%2frollup-darwin-x64 cache-miss
578 http fetch GET 200 https://registry.npmjs.org/@rollup%2frollup-linux-loong64-gnu 96ms (cache miss)
579 silly packumentCache full:https://registry.npmjs.org/@rollup%2frollup-linux-loong64-gnu set size:undefined disposed:false
580 silly fetch manifest @rollup/rollup-win32-x64-gnu@4.60.1
581 silly packumentCache full:https://registry.npmjs.org/@rollup%2frollup-win32-x64-gnu cache-miss
582 http fetch GET 200 https://registry.npmjs.org/@rollup%2frollup-linux-loong64-musl 105ms (cache miss)
583 silly packumentCache full:https://registry.npmjs.org/@rollup%2frollup-linux-loong64-musl set size:undefined disposed:false
584 silly fetch manifest @rollup/rollup-win32-x64-msvc@4.60.1
585 silly packumentCache full:https://registry.npmjs.org/@rollup%2frollup-win32-x64-msvc cache-miss
586 http fetch GET 200 https://registry.npmjs.org/@rollup%2frollup-linux-riscv64-gnu 107ms (cache miss)
587 silly packumentCache full:https://registry.npmjs.org/@rollup%2frollup-linux-riscv64-gnu set size:undefined disposed:false
588 silly fetch manifest @rollup/rollup-freebsd-x64@4.60.1
589 silly packumentCache full:https://registry.npmjs.org/@rollup%2frollup-freebsd-x64 cache-miss
590 http fetch GET 200 https://registry.npmjs.org/@rollup%2frollup-win32-ia32-msvc 138ms (cache miss)
591 silly packumentCache full:https://registry.npmjs.org/@rollup%2frollup-win32-ia32-msvc set size:undefined disposed:false
592 silly fetch manifest @rollup/rollup-linux-x64-gnu@4.60.1
593 silly packumentCache full:https://registry.npmjs.org/@rollup%2frollup-linux-x64-gnu cache-miss
594 http fetch GET 200 https://registry.npmjs.org/@rollup%2frollup-linux-ppc64-gnu 109ms (cache miss)
595 silly packumentCache full:https://registry.npmjs.org/@rollup%2frollup-linux-ppc64-gnu set size:undefined disposed:false
596 silly fetch manifest @rollup/rollup-linux-x64-musl@4.60.1
597 silly packumentCache full:https://registry.npmjs.org/@rollup%2frollup-linux-x64-musl cache-miss
598 http fetch GET 200 https://registry.npmjs.org/@rollup%2frollup-linux-ppc64-musl 96ms (cache miss)
599 silly packumentCache full:https://registry.npmjs.org/@rollup%2frollup-linux-ppc64-musl set size:undefined disposed:false
600 silly fetch manifest @rollup/rollup-openbsd-x64@4.60.1
601 silly packumentCache full:https://registry.npmjs.org/@rollup%2frollup-openbsd-x64 cache-miss
602 http fetch GET 200 https://registry.npmjs.org/@rollup%2frollup-linux-s390x-gnu 95ms (cache miss)
603 silly packumentCache full:https://registry.npmjs.org/@rollup%2frollup-linux-s390x-gnu set size:undefined disposed:false
604 silly fetch manifest @rollup/rollup-openharmony-arm64@4.60.1
605 silly packumentCache full:https://registry.npmjs.org/@rollup%2frollup-openharmony-arm64 cache-miss
606 http fetch GET 200 https://registry.npmjs.org/@rollup%2frollup-darwin-x64 112ms (cache miss)
607 silly packumentCache full:https://registry.npmjs.org/@rollup%2frollup-darwin-x64 set size:undefined disposed:false
608 http fetch GET 200 https://registry.npmjs.org/@rollup%2frollup-win32-x64-gnu 108ms (cache miss)
609 silly packumentCache full:https://registry.npmjs.org/@rollup%2frollup-win32-x64-gnu set size:undefined disposed:false
610 http fetch GET 200 https://registry.npmjs.org/@rollup%2frollup-win32-x64-msvc 105ms (cache miss)
611 silly packumentCache full:https://registry.npmjs.org/@rollup%2frollup-win32-x64-msvc set size:undefined disposed:false
612 http fetch GET 200 https://registry.npmjs.org/@rollup%2frollup-freebsd-x64 105ms (cache miss)
613 silly packumentCache full:https://registry.npmjs.org/@rollup%2frollup-freebsd-x64 set size:undefined disposed:false
614 http fetch GET 200 https://registry.npmjs.org/@rollup%2frollup-openharmony-arm64 112ms (cache miss)
615 silly packumentCache full:https://registry.npmjs.org/@rollup%2frollup-openharmony-arm64 set size:undefined disposed:false
616 http fetch GET 200 https://registry.npmjs.org/@rollup%2frollup-linux-x64-musl 118ms (cache miss)
617 silly packumentCache full:https://registry.npmjs.org/@rollup%2frollup-linux-x64-musl set size:undefined disposed:false
618 http fetch GET 200 https://registry.npmjs.org/@rollup%2frollup-linux-x64-gnu 124ms (cache miss)
619 silly packumentCache full:https://registry.npmjs.org/@rollup%2frollup-linux-x64-gnu set size:undefined disposed:false
620 http fetch GET 200 https://registry.npmjs.org/@rollup%2frollup-openbsd-x64 121ms (cache miss)
621 silly packumentCache full:https://registry.npmjs.org/@rollup%2frollup-openbsd-x64 set size:undefined disposed:false
622 http fetch GET 200 https://registry.npmjs.org/@rollup%2frollup-linux-riscv64-musl 271ms (cache miss)
623 silly packumentCache full:https://registry.npmjs.org/@rollup%2frollup-linux-riscv64-musl set size:undefined disposed:false
624 silly placeDep ROOT @esbuild/aix-ppc64@0.21.5 OK for: esbuild@0.21.5 want: 0.21.5
625 silly placeDep ROOT @esbuild/android-arm@0.21.5 OK for: esbuild@0.21.5 want: 0.21.5
626 silly placeDep ROOT @esbuild/android-arm64@0.21.5 OK for: esbuild@0.21.5 want: 0.21.5
627 silly placeDep ROOT @esbuild/android-x64@0.21.5 OK for: esbuild@0.21.5 want: 0.21.5
628 silly placeDep ROOT @esbuild/darwin-arm64@0.21.5 OK for: esbuild@0.21.5 want: 0.21.5
629 silly placeDep ROOT @esbuild/darwin-x64@0.21.5 OK for: esbuild@0.21.5 want: 0.21.5
630 silly placeDep ROOT @esbuild/freebsd-arm64@0.21.5 OK for: esbuild@0.21.5 want: 0.21.5
631 silly placeDep ROOT @esbuild/freebsd-x64@0.21.5 OK for: esbuild@0.21.5 want: 0.21.5
632 silly placeDep ROOT @esbuild/linux-arm@0.21.5 OK for: esbuild@0.21.5 want: 0.21.5
633 silly placeDep ROOT @esbuild/linux-arm64@0.21.5 OK for: esbuild@0.21.5 want: 0.21.5
634 silly placeDep ROOT @esbuild/linux-ia32@0.21.5 OK for: esbuild@0.21.5 want: 0.21.5
635 silly placeDep ROOT @esbuild/linux-loong64@0.21.5 OK for: esbuild@0.21.5 want: 0.21.5
636 silly placeDep ROOT @esbuild/linux-mips64el@0.21.5 OK for: esbuild@0.21.5 want: 0.21.5
637 silly placeDep ROOT @esbuild/linux-ppc64@0.21.5 OK for: esbuild@0.21.5 want: 0.21.5
638 silly placeDep ROOT @esbuild/linux-riscv64@0.21.5 OK for: esbuild@0.21.5 want: 0.21.5
639 silly placeDep ROOT @esbuild/linux-s390x@0.21.5 OK for: esbuild@0.21.5 want: 0.21.5
640 silly placeDep ROOT @esbuild/linux-x64@0.21.5 OK for: esbuild@0.21.5 want: 0.21.5
641 silly placeDep ROOT @esbuild/netbsd-x64@0.21.5 OK for: esbuild@0.21.5 want: 0.21.5
642 silly placeDep ROOT @esbuild/openbsd-x64@0.21.5 OK for: esbuild@0.21.5 want: 0.21.5
643 silly placeDep ROOT @esbuild/sunos-x64@0.21.5 OK for: esbuild@0.21.5 want: 0.21.5
644 silly placeDep ROOT @esbuild/win32-arm64@0.21.5 OK for: esbuild@0.21.5 want: 0.21.5
645 silly placeDep ROOT @esbuild/win32-ia32@0.21.5 OK for: esbuild@0.21.5 want: 0.21.5
646 silly placeDep ROOT @esbuild/win32-x64@0.21.5 OK for: esbuild@0.21.5 want: 0.21.5
647 silly placeDep ROOT nanoid@3.3.11 OK for: postcss@8.5.9 want: ^3.3.11
648 silly placeDep ROOT source-map-js@1.2.1 OK for: postcss@8.5.9 want: ^1.2.1
649 silly placeDep ROOT @rollup/rollup-android-arm-eabi@4.60.1 OK for: rollup@4.60.1 want: 4.60.1
650 silly placeDep ROOT @rollup/rollup-android-arm64@4.60.1 OK for: rollup@4.60.1 want: 4.60.1
651 silly placeDep ROOT @rollup/rollup-darwin-arm64@4.60.1 OK for: rollup@4.60.1 want: 4.60.1
652 silly placeDep ROOT @rollup/rollup-darwin-x64@4.60.1 OK for: rollup@4.60.1 want: 4.60.1
653 silly placeDep ROOT @rollup/rollup-freebsd-arm64@4.60.1 OK for: rollup@4.60.1 want: 4.60.1
654 silly placeDep ROOT @rollup/rollup-freebsd-x64@4.60.1 OK for: rollup@4.60.1 want: 4.60.1
655 silly placeDep ROOT @rollup/rollup-linux-arm-gnueabihf@4.60.1 OK for: rollup@4.60.1 want: 4.60.1
656 silly placeDep ROOT @rollup/rollup-linux-arm-musleabihf@4.60.1 OK for: rollup@4.60.1 want: 4.60.1
657 silly placeDep ROOT @rollup/rollup-linux-arm64-gnu@4.60.1 OK for: rollup@4.60.1 want: 4.60.1
658 silly placeDep ROOT @rollup/rollup-linux-arm64-musl@4.60.1 OK for: rollup@4.60.1 want: 4.60.1
659 silly placeDep ROOT @rollup/rollup-linux-loong64-gnu@4.60.1 OK for: rollup@4.60.1 want: 4.60.1
660 silly placeDep ROOT @rollup/rollup-linux-loong64-musl@4.60.1 OK for: rollup@4.60.1 want: 4.60.1
661 silly placeDep ROOT @rollup/rollup-linux-ppc64-gnu@4.60.1 OK for: rollup@4.60.1 want: 4.60.1
662 silly placeDep ROOT @rollup/rollup-linux-ppc64-musl@4.60.1 OK for: rollup@4.60.1 want: 4.60.1
663 silly placeDep ROOT @rollup/rollup-linux-riscv64-gnu@4.60.1 OK for: rollup@4.60.1 want: 4.60.1
664 silly placeDep ROOT @rollup/rollup-linux-riscv64-musl@4.60.1 OK for: rollup@4.60.1 want: 4.60.1
665 silly placeDep ROOT @rollup/rollup-linux-s390x-gnu@4.60.1 OK for: rollup@4.60.1 want: 4.60.1
666 silly placeDep ROOT @rollup/rollup-linux-x64-gnu@4.60.1 OK for: rollup@4.60.1 want: 4.60.1
667 silly placeDep ROOT @rollup/rollup-linux-x64-musl@4.60.1 OK for: rollup@4.60.1 want: 4.60.1
668 silly placeDep ROOT @rollup/rollup-openbsd-x64@4.60.1 OK for: rollup@4.60.1 want: 4.60.1
669 silly placeDep ROOT @rollup/rollup-openharmony-arm64@4.60.1 OK for: rollup@4.60.1 want: 4.60.1
670 silly placeDep ROOT @rollup/rollup-win32-arm64-msvc@4.60.1 OK for: rollup@4.60.1 want: 4.60.1
671 silly placeDep ROOT @rollup/rollup-win32-ia32-msvc@4.60.1 OK for: rollup@4.60.1 want: 4.60.1
672 silly placeDep ROOT @rollup/rollup-win32-x64-gnu@4.60.1 OK for: rollup@4.60.1 want: 4.60.1
673 silly placeDep ROOT @rollup/rollup-win32-x64-msvc@4.60.1 OK for: rollup@4.60.1 want: 4.60.1
674 silly placeDep ROOT @types/estree@1.0.8 OK for: rollup@4.60.1 want: 1.0.8
675 silly reify moves {}
676 silly audit bulk request {
676 silly audit   '@types/react': [ '18.3.28' ],
676 silly audit   '@types/react-dom': [ '18.3.7' ],
676 silly audit   '@vitejs/plugin-react': [ '4.7.0' ],
676 silly audit   vite: [ '5.4.21' ],
676 silly audit   react: [ '18.3.1' ],
676 silly audit   'react-dom': [ '18.3.1' ],
676 silly audit   typescript: [ '5.9.3' ],
676 silly audit   '@types/prop-types': [ '15.7.15' ],
676 silly audit   csstype: [ '3.2.3' ],
676 silly audit   '@babel/core': [ '7.29.0' ],
676 silly audit   '@babel/plugin-transform-react-jsx-self': [ '7.27.1' ],
676 silly audit   '@babel/plugin-transform-react-jsx-source': [ '7.27.1' ],
676 silly audit   '@rolldown/pluginutils': [ '1.0.0-beta.27' ],
676 silly audit   '@types/babel__core': [ '7.20.5' ],
676 silly audit   'react-refresh': [ '0.17.0' ],
676 silly audit   '@babel/code-frame': [ '7.29.0' ],
676 silly audit   '@babel/generator': [ '7.29.1' ],
676 silly audit   '@babel/helper-compilation-targets': [ '7.28.6' ],
676 silly audit   '@babel/helper-module-transforms': [ '7.28.6' ],
676 silly audit   '@babel/helpers': [ '7.29.2' ],
676 silly audit   '@babel/parser': [ '7.29.2' ],
676 silly audit   '@babel/template': [ '7.28.6' ],
676 silly audit   '@babel/traverse': [ '7.29.0' ],
676 silly audit   '@babel/types': [ '7.29.0' ],
676 silly audit   '@jridgewell/remapping': [ '2.3.5' ],
676 silly audit   'convert-source-map': [ '2.0.0' ],
676 silly audit   debug: [ '4.4.3' ],
676 silly audit   gensync: [ '1.0.0-beta.2' ],
676 silly audit   json5: [ '2.2.3' ],
676 silly audit   semver: [ '6.3.1' ],
676 silly audit   '@babel/helper-validator-identifier': [ '7.28.5' ],
676 silly audit   'js-tokens': [ '4.0.0' ],
676 silly audit   picocolors: [ '1.1.1' ],
676 silly audit   '@jridgewell/gen-mapping': [ '0.3.13' ],
676 silly audit   '@jridgewell/trace-mapping': [ '0.3.31' ],
676 silly audit   jsesc: [ '3.1.0' ],
676 silly audit   '@babel/compat-data': [ '7.29.0' ],
676 silly audit   '@babel/helper-validator-option': [ '7.27.1' ],
676 silly audit   browserslist: [ '4.28.2' ],
676 silly audit   'lru-cache': [ '5.1.1' ],
676 silly audit   '@babel/helper-module-imports': [ '7.28.6' ],
676 silly audit   '@babel/helper-plugin-utils': [ '7.28.6' ],
676 silly audit   '@babel/helper-globals': [ '7.28.0' ],
676 silly audit   '@babel/helper-string-parser': [ '7.27.1' ],
676 silly audit   '@jridgewell/sourcemap-codec': [ '1.5.5' ],
676 silly audit   '@jridgewell/resolve-uri': [ '3.1.2' ],
676 silly audit   '@types/babel__generator': [ '7.27.0' ],
676 silly audit   '@types/babel__template': [ '7.4.4' ],
676 silly audit   '@types/babel__traverse': [ '7.28.0' ],
676 silly audit   'baseline-browser-mapping': [ '2.10.18' ],
676 silly audit   'caniuse-lite': [ '1.0.30001787' ],
676 silly audit   'electron-to-chromium': [ '1.5.335' ],
676 silly audit   'node-releases': [ '2.0.37' ],
676 silly audit   'update-browserslist-db': [ '1.2.3' ],
676 silly audit   ms: [ '2.1.3' ],
676 silly audit   yallist: [ '3.1.1' ],
676 silly audit   'loose-envify': [ '1.4.0' ],
676 silly audit   scheduler: [ '0.23.2' ],
676 silly audit   escalade: [ '3.2.0' ],
676 silly audit   esbuild: [ '0.21.5' ],
676 silly audit   fsevents: [ '2.3.3' ],
676 silly audit   postcss: [ '8.5.9' ],
676 silly audit   rollup: [ '4.60.1' ],
676 silly audit   '@esbuild/aix-ppc64': [ '0.21.5' ],
676 silly audit   '@esbuild/android-arm': [ '0.21.5' ],
676 silly audit   '@esbuild/android-arm64': [ '0.21.5' ],
676 silly audit   '@esbuild/android-x64': [ '0.21.5' ],
676 silly audit   '@esbuild/darwin-arm64': [ '0.21.5' ],
676 silly audit   '@esbuild/darwin-x64': [ '0.21.5' ],
676 silly audit   '@esbuild/freebsd-arm64': [ '0.21.5' ],
676 silly audit   '@esbuild/freebsd-x64': [ '0.21.5' ],
676 silly audit   '@esbuild/linux-arm': [ '0.21.5' ],
676 silly audit   '@esbuild/linux-arm64': [ '0.21.5' ],
676 silly audit   '@esbuild/linux-ia32': [ '0.21.5' ],
676 silly audit   '@esbuild/linux-loong64': [ '0.21.5' ],
676 silly audit   '@esbuild/linux-mips64el': [ '0.21.5' ],
676 silly audit   '@esbuild/linux-ppc64': [ '0.21.5' ],
676 silly audit   '@esbuild/linux-riscv64': [ '0.21.5' ],
676 silly audit   '@esbuild/linux-s390x': [ '0.21.5' ],
676 silly audit   '@esbuild/linux-x64': [ '0.21.5' ],
676 silly audit   '@esbuild/netbsd-x64': [ '0.21.5' ],
676 silly audit   '@esbuild/openbsd-x64': [ '0.21.5' ],
676 silly audit   '@esbuild/sunos-x64': [ '0.21.5' ],
676 silly audit   '@esbuild/win32-arm64': [ '0.21.5' ],
676 silly audit   '@esbuild/win32-ia32': [ '0.21.5' ],
676 silly audit   '@esbuild/win32-x64': [ '0.21.5' ],
676 silly audit   nanoid: [ '3.3.11' ],
676 silly audit   'source-map-js': [ '1.2.1' ],
676 silly audit   '@rollup/rollup-android-arm-eabi': [ '4.60.1' ],
676 silly audit   '@rollup/rollup-android-arm64': [ '4.60.1' ],
676 silly audit   '@rollup/rollup-darwin-arm64': [ '4.60.1' ],
676 silly audit   '@rollup/rollup-darwin-x64': [ '4.60.1' ],
676 silly audit   '@rollup/rollup-freebsd-arm64': [ '4.60.1' ],
676 silly audit   '@rollup/rollup-freebsd-x64': [ '4.60.1' ],
676 silly audit   '@rollup/rollup-linux-arm-gnueabihf': [ '4.60.1' ],
676 silly audit   '@rollup/rollup-linux-arm-musleabihf': [ '4.60.1' ],
676 silly audit   '@rollup/rollup-linux-arm64-gnu': [ '4.60.1' ],
676 silly audit   '@rollup/rollup-linux-arm64-musl': [ '4.60.1' ],
676 silly audit   '@rollup/rollup-linux-loong64-gnu': [ '4.60.1' ],
676 silly audit   '@rollup/rollup-linux-loong64-musl': [ '4.60.1' ],
676 silly audit   '@rollup/rollup-linux-ppc64-gnu': [ '4.60.1' ],
676 silly audit   '@rollup/rollup-linux-ppc64-musl': [ '4.60.1' ],
676 silly audit   '@rollup/rollup-linux-riscv64-gnu': [ '4.60.1' ],
676 silly audit   '@rollup/rollup-linux-riscv64-musl': [ '4.60.1' ],
676 silly audit   '@rollup/rollup-linux-s390x-gnu': [ '4.60.1' ],
676 silly audit   '@rollup/rollup-linux-x64-gnu': [ '4.60.1' ],
676 silly audit   '@rollup/rollup-linux-x64-musl': [ '4.60.1' ],
676 silly audit   '@rollup/rollup-openbsd-x64': [ '4.60.1' ],
676 silly audit   '@rollup/rollup-openharmony-arm64': [ '4.60.1' ],
676 silly audit   '@rollup/rollup-win32-arm64-msvc': [ '4.60.1' ],
676 silly audit   '@rollup/rollup-win32-ia32-msvc': [ '4.60.1' ],
676 silly audit   '@rollup/rollup-win32-x64-gnu': [ '4.60.1' ],
676 silly audit   '@rollup/rollup-win32-x64-msvc': [ '4.60.1' ],
676 silly audit   '@types/estree': [ '1.0.8' ]
676 silly audit }
677 http cache @types/estree@https://registry.npmjs.org/@types/estree/-/estree-1.0.8.tgz 0ms (cache hit)
678 http cache @rollup/rollup-darwin-arm64@https://registry.npmjs.org/@rollup/rollup-darwin-arm64/-/rollup-darwin-arm64-4.60.1.tgz 0ms (cache hit)
679 http cache nanoid@https://registry.npmjs.org/nanoid/-/nanoid-3.3.11.tgz 0ms (cache hit)
680 http cache source-map-js@https://registry.npmjs.org/source-map-js/-/source-map-js-1.2.1.tgz 0ms (cache hit)
681 http cache rollup@https://registry.npmjs.org/rollup/-/rollup-4.60.1.tgz 0ms (cache hit)
682 http cache postcss@https://registry.npmjs.org/postcss/-/postcss-8.5.9.tgz 0ms (cache hit)
683 http cache fsevents@https://registry.npmjs.org/fsevents/-/fsevents-2.3.3.tgz 0ms (cache hit)
684 http cache @esbuild/darwin-arm64@https://registry.npmjs.org/@esbuild/darwin-arm64/-/darwin-arm64-0.21.5.tgz 0ms (cache hit)
685 http cache scheduler@https://registry.npmjs.org/scheduler/-/scheduler-0.23.2.tgz 0ms (cache hit)
686 http cache loose-envify@https://registry.npmjs.org/loose-envify/-/loose-envify-1.4.0.tgz 0ms (cache hit)
687 http cache escalade@https://registry.npmjs.org/escalade/-/escalade-3.2.0.tgz 0ms (cache hit)
688 http cache yallist@https://registry.npmjs.org/yallist/-/yallist-3.1.1.tgz 0ms (cache hit)
689 http cache update-browserslist-db@https://registry.npmjs.org/update-browserslist-db/-/update-browserslist-db-1.2.3.tgz 0ms (cache hit)
690 http cache baseline-browser-mapping@https://registry.npmjs.org/baseline-browser-mapping/-/baseline-browser-mapping-2.10.18.tgz 0ms (cache hit)
691 http cache esbuild@https://registry.npmjs.org/esbuild/-/esbuild-0.21.5.tgz 0ms (cache hit)
692 http cache ms@https://registry.npmjs.org/ms/-/ms-2.1.3.tgz 0ms (cache hit)
693 http cache caniuse-lite@https://registry.npmjs.org/caniuse-lite/-/caniuse-lite-1.0.30001787.tgz 0ms (cache hit)
694 http cache @types/babel__template@https://registry.npmjs.org/@types/babel__template/-/babel__template-7.4.4.tgz 0ms (cache hit)
695 http cache @types/babel__traverse@https://registry.npmjs.org/@types/babel__traverse/-/babel__traverse-7.28.0.tgz 0ms (cache hit)
696 http cache electron-to-chromium@https://registry.npmjs.org/electron-to-chromium/-/electron-to-chromium-1.5.335.tgz 0ms (cache hit)
697 http cache node-releases@https://registry.npmjs.org/node-releases/-/node-releases-2.0.37.tgz 0ms (cache hit)
698 http cache @jridgewell/resolve-uri@https://registry.npmjs.org/@jridgewell/resolve-uri/-/resolve-uri-3.1.2.tgz 0ms (cache hit)
699 http cache @types/babel__generator@https://registry.npmjs.org/@types/babel__generator/-/babel__generator-7.27.0.tgz 0ms (cache hit)
700 http cache @babel/helper-globals@https://registry.npmjs.org/@babel/helper-globals/-/helper-globals-7.28.0.tgz 0ms (cache hit)
701 http cache browserslist@https://registry.npmjs.org/browserslist/-/browserslist-4.28.2.tgz 0ms (cache hit)
702 http cache @jridgewell/sourcemap-codec@https://registry.npmjs.org/@jridgewell/sourcemap-codec/-/sourcemap-codec-1.5.5.tgz 0ms (cache hit)
703 http cache lru-cache@https://registry.npmjs.org/lru-cache/-/lru-cache-5.1.1.tgz 0ms (cache hit)
704 http cache @babel/helper-string-parser@https://registry.npmjs.org/@babel/helper-string-parser/-/helper-string-parser-7.27.1.tgz 0ms (cache hit)
705 http cache @babel/helper-validator-option@https://registry.npmjs.org/@babel/helper-validator-option/-/helper-validator-option-7.27.1.tgz 0ms (cache hit)
706 http cache @babel/helper-module-imports@https://registry.npmjs.org/@babel/helper-module-imports/-/helper-module-imports-7.28.6.tgz 0ms (cache hit)
707 http cache picocolors@https://registry.npmjs.org/picocolors/-/picocolors-1.1.1.tgz 0ms (cache hit)
708 http cache @babel/compat-data@https://registry.npmjs.org/@babel/compat-data/-/compat-data-7.29.0.tgz 0ms (cache hit)
709 http cache js-tokens@https://registry.npmjs.org/js-tokens/-/js-tokens-4.0.0.tgz 0ms (cache hit)
710 http cache semver@https://registry.npmjs.org/semver/-/semver-6.3.1.tgz 0ms (cache hit)
711 http cache @babel/helper-plugin-utils@https://registry.npmjs.org/@babel/helper-plugin-utils/-/helper-plugin-utils-7.28.6.tgz 0ms (cache hit)
712 http cache @jridgewell/gen-mapping@https://registry.npmjs.org/@jridgewell/gen-mapping/-/gen-mapping-0.3.13.tgz 0ms (cache hit)
713 http cache @jridgewell/trace-mapping@https://registry.npmjs.org/@jridgewell/trace-mapping/-/trace-mapping-0.3.31.tgz 0ms (cache hit)
714 http cache json5@https://registry.npmjs.org/json5/-/json5-2.2.3.tgz 0ms (cache hit)
715 http cache gensync@https://registry.npmjs.org/gensync/-/gensync-1.0.0-beta.2.tgz 0ms (cache hit)
716 http cache @babel/helper-validator-identifier@https://registry.npmjs.org/@babel/helper-validator-identifier/-/helper-validator-identifier-7.28.5.tgz 0ms (cache hit)
717 http cache @babel/types@https://registry.npmjs.org/@babel/types/-/types-7.29.0.tgz 0ms (cache hit)
718 http cache debug@https://registry.npmjs.org/debug/-/debug-4.4.3.tgz 0ms (cache hit)
719 http cache convert-source-map@https://registry.npmjs.org/convert-source-map/-/convert-source-map-2.0.0.tgz 0ms (cache hit)
720 http cache jsesc@https://registry.npmjs.org/jsesc/-/jsesc-3.1.0.tgz 0ms (cache hit)
721 http cache @babel/traverse@https://registry.npmjs.org/@babel/traverse/-/traverse-7.29.0.tgz 0ms (cache hit)
722 http cache @babel/template@https://registry.npmjs.org/@babel/template/-/template-7.28.6.tgz 0ms (cache hit)
723 http cache @jridgewell/remapping@https://registry.npmjs.org/@jridgewell/remapping/-/remapping-2.3.5.tgz 0ms (cache hit)
724 http cache @babel/helpers@https://registry.npmjs.org/@babel/helpers/-/helpers-7.29.2.tgz 0ms (cache hit)
725 http cache @babel/helper-module-transforms@https://registry.npmjs.org/@babel/helper-module-transforms/-/helper-module-transforms-7.28.6.tgz 0ms (cache hit)
726 http cache @babel/helper-compilation-targets@https://registry.npmjs.org/@babel/helper-compilation-targets/-/helper-compilation-targets-7.28.6.tgz 0ms (cache hit)
727 http cache react-refresh@https://registry.npmjs.org/react-refresh/-/react-refresh-0.17.0.tgz 0ms (cache hit)
728 http cache @types/babel__core@https://registry.npmjs.org/@types/babel__core/-/babel__core-7.20.5.tgz 0ms (cache hit)
729 http cache @babel/parser@https://registry.npmjs.org/@babel/parser/-/parser-7.29.2.tgz 0ms (cache hit)
730 http cache @babel/code-frame@https://registry.npmjs.org/@babel/code-frame/-/code-frame-7.29.0.tgz 0ms (cache hit)
731 http cache @babel/plugin-transform-react-jsx-self@https://registry.npmjs.org/@babel/plugin-transform-react-jsx-self/-/plugin-transform-react-jsx-self-7.27.1.tgz 0ms (cache hit)
732 http cache @babel/plugin-transform-react-jsx-source@https://registry.npmjs.org/@babel/plugin-transform-react-jsx-source/-/plugin-transform-react-jsx-source-7.27.1.tgz 0ms (cache hit)
733 http cache @babel/generator@https://registry.npmjs.org/@babel/generator/-/generator-7.29.1.tgz 0ms (cache hit)
734 http cache @babel/core@https://registry.npmjs.org/@babel/core/-/core-7.29.0.tgz 0ms (cache hit)
735 http cache csstype@https://registry.npmjs.org/csstype/-/csstype-3.2.3.tgz 0ms (cache hit)
736 http cache react-dom@https://registry.npmjs.org/react-dom/-/react-dom-18.3.1.tgz 0ms (cache hit)
737 http cache typescript@https://registry.npmjs.org/typescript/-/typescript-5.9.3.tgz 0ms (cache hit)
738 http cache @types/prop-types@https://registry.npmjs.org/@types/prop-types/-/prop-types-15.7.15.tgz 0ms (cache hit)
739 http cache react@https://registry.npmjs.org/react/-/react-18.3.1.tgz 0ms (cache hit)
740 http cache @rolldown/pluginutils@https://registry.npmjs.org/@rolldown/pluginutils/-/pluginutils-1.0.0-beta.27.tgz 0ms (cache hit)
741 http cache vite@https://registry.npmjs.org/vite/-/vite-5.4.21.tgz 0ms (cache hit)
742 silly tarball no local data for @types/estree@https://registry.npmjs.org/@types/estree/-/estree-1.0.8.tgz. Extracting by manifest.
743 silly tarball no local data for @rollup/rollup-darwin-arm64@https://registry.npmjs.org/@rollup/rollup-darwin-arm64/-/rollup-darwin-arm64-4.60.1.tgz. Extracting by manifest.
744 silly tarball no local data for nanoid@https://registry.npmjs.org/nanoid/-/nanoid-3.3.11.tgz. Extracting by manifest.
745 silly tarball no local data for source-map-js@https://registry.npmjs.org/source-map-js/-/source-map-js-1.2.1.tgz. Extracting by manifest.
746 silly tarball no local data for rollup@https://registry.npmjs.org/rollup/-/rollup-4.60.1.tgz. Extracting by manifest.
747 silly tarball no local data for postcss@https://registry.npmjs.org/postcss/-/postcss-8.5.9.tgz. Extracting by manifest.
748 silly tarball no local data for fsevents@https://registry.npmjs.org/fsevents/-/fsevents-2.3.3.tgz. Extracting by manifest.
749 silly tarball no local data for @esbuild/darwin-arm64@https://registry.npmjs.org/@esbuild/darwin-arm64/-/darwin-arm64-0.21.5.tgz. Extracting by manifest.
750 silly tarball no local data for scheduler@https://registry.npmjs.org/scheduler/-/scheduler-0.23.2.tgz. Extracting by manifest.
751 silly tarball no local data for loose-envify@https://registry.npmjs.org/loose-envify/-/loose-envify-1.4.0.tgz. Extracting by manifest.
752 silly tarball no local data for escalade@https://registry.npmjs.org/escalade/-/escalade-3.2.0.tgz. Extracting by manifest.
753 silly tarball no local data for yallist@https://registry.npmjs.org/yallist/-/yallist-3.1.1.tgz. Extracting by manifest.
754 silly tarball no local data for update-browserslist-db@https://registry.npmjs.org/update-browserslist-db/-/update-browserslist-db-1.2.3.tgz. Extracting by manifest.
755 silly tarball no local data for baseline-browser-mapping@https://registry.npmjs.org/baseline-browser-mapping/-/baseline-browser-mapping-2.10.18.tgz. Extracting by manifest.
756 silly tarball no local data for esbuild@https://registry.npmjs.org/esbuild/-/esbuild-0.21.5.tgz. Extracting by manifest.
757 silly tarball no local data for ms@https://registry.npmjs.org/ms/-/ms-2.1.3.tgz. Extracting by manifest.
758 silly tarball no local data for caniuse-lite@https://registry.npmjs.org/caniuse-lite/-/caniuse-lite-1.0.30001787.tgz. Extracting by manifest.
759 silly tarball no local data for @types/babel__template@https://registry.npmjs.org/@types/babel__template/-/babel__template-7.4.4.tgz. Extracting by manifest.
760 silly tarball no local data for @types/babel__traverse@https://registry.npmjs.org/@types/babel__traverse/-/babel__traverse-7.28.0.tgz. Extracting by manifest.
761 silly tarball no local data for electron-to-chromium@https://registry.npmjs.org/electron-to-chromium/-/electron-to-chromium-1.5.335.tgz. Extracting by manifest.
762 silly tarball no local data for node-releases@https://registry.npmjs.org/node-releases/-/node-releases-2.0.37.tgz. Extracting by manifest.
763 silly tarball no local data for @jridgewell/resolve-uri@https://registry.npmjs.org/@jridgewell/resolve-uri/-/resolve-uri-3.1.2.tgz. Extracting by manifest.
764 silly tarball no local data for @types/babel__generator@https://registry.npmjs.org/@types/babel__generator/-/babel__generator-7.27.0.tgz. Extracting by manifest.
765 http cache @types/react@https://registry.npmjs.org/@types/react/-/react-18.3.28.tgz 0ms (cache hit)
766 http cache @vitejs/plugin-react@https://registry.npmjs.org/@vitejs/plugin-react/-/plugin-react-4.7.0.tgz 0ms (cache hit)
767 silly tarball no local data for @babel/helper-globals@https://registry.npmjs.org/@babel/helper-globals/-/helper-globals-7.28.0.tgz. Extracting by manifest.
768 silly tarball no local data for browserslist@https://registry.npmjs.org/browserslist/-/browserslist-4.28.2.tgz. Extracting by manifest.
769 silly tarball no local data for @jridgewell/sourcemap-codec@https://registry.npmjs.org/@jridgewell/sourcemap-codec/-/sourcemap-codec-1.5.5.tgz. Extracting by manifest.
770 silly tarball no local data for lru-cache@https://registry.npmjs.org/lru-cache/-/lru-cache-5.1.1.tgz. Extracting by manifest.
771 silly tarball no local data for @babel/helper-string-parser@https://registry.npmjs.org/@babel/helper-string-parser/-/helper-string-parser-7.27.1.tgz. Extracting by manifest.
772 silly tarball no local data for @babel/helper-validator-option@https://registry.npmjs.org/@babel/helper-validator-option/-/helper-validator-option-7.27.1.tgz. Extracting by manifest.
773 silly tarball no local data for @babel/helper-module-imports@https://registry.npmjs.org/@babel/helper-module-imports/-/helper-module-imports-7.28.6.tgz. Extracting by manifest.
774 silly tarball no local data for picocolors@https://registry.npmjs.org/picocolors/-/picocolors-1.1.1.tgz. Extracting by manifest.
775 silly tarball no local data for @babel/compat-data@https://registry.npmjs.org/@babel/compat-data/-/compat-data-7.29.0.tgz. Extracting by manifest.
776 http cache @types/react-dom@https://registry.npmjs.org/@types/react-dom/-/react-dom-18.3.7.tgz 0ms (cache hit)
777 silly tarball no local data for js-tokens@https://registry.npmjs.org/js-tokens/-/js-tokens-4.0.0.tgz. Extracting by manifest.
778 silly tarball no local data for semver@https://registry.npmjs.org/semver/-/semver-6.3.1.tgz. Extracting by manifest.
779 silly tarball no local data for @babel/helper-plugin-utils@https://registry.npmjs.org/@babel/helper-plugin-utils/-/helper-plugin-utils-7.28.6.tgz. Extracting by manifest.
780 silly tarball no local data for @jridgewell/gen-mapping@https://registry.npmjs.org/@jridgewell/gen-mapping/-/gen-mapping-0.3.13.tgz. Extracting by manifest.
781 silly tarball no local data for @jridgewell/trace-mapping@https://registry.npmjs.org/@jridgewell/trace-mapping/-/trace-mapping-0.3.31.tgz. Extracting by manifest.
782 silly tarball no local data for json5@https://registry.npmjs.org/json5/-/json5-2.2.3.tgz. Extracting by manifest.
783 silly tarball no local data for gensync@https://registry.npmjs.org/gensync/-/gensync-1.0.0-beta.2.tgz. Extracting by manifest.
784 silly tarball no local data for @babel/helper-validator-identifier@https://registry.npmjs.org/@babel/helper-validator-identifier/-/helper-validator-identifier-7.28.5.tgz. Extracting by manifest.
785 silly tarball no local data for @babel/types@https://registry.npmjs.org/@babel/types/-/types-7.29.0.tgz. Extracting by manifest.
786 silly tarball no local data for debug@https://registry.npmjs.org/debug/-/debug-4.4.3.tgz. Extracting by manifest.
787 silly tarball no local data for convert-source-map@https://registry.npmjs.org/convert-source-map/-/convert-source-map-2.0.0.tgz. Extracting by manifest.
788 silly tarball no local data for jsesc@https://registry.npmjs.org/jsesc/-/jsesc-3.1.0.tgz. Extracting by manifest.
789 silly tarball no local data for @babel/traverse@https://registry.npmjs.org/@babel/traverse/-/traverse-7.29.0.tgz. Extracting by manifest.
790 silly tarball no local data for @babel/template@https://registry.npmjs.org/@babel/template/-/template-7.28.6.tgz. Extracting by manifest.
791 silly tarball no local data for @jridgewell/remapping@https://registry.npmjs.org/@jridgewell/remapping/-/remapping-2.3.5.tgz. Extracting by manifest.
792 silly tarball no local data for @babel/helpers@https://registry.npmjs.org/@babel/helpers/-/helpers-7.29.2.tgz. Extracting by manifest.
793 silly tarball no local data for @babel/helper-module-transforms@https://registry.npmjs.org/@babel/helper-module-transforms/-/helper-module-transforms-7.28.6.tgz. Extracting by manifest.
794 silly tarball no local data for @babel/helper-compilation-targets@https://registry.npmjs.org/@babel/helper-compilation-targets/-/helper-compilation-targets-7.28.6.tgz. Extracting by manifest.
795 silly tarball no local data for react-refresh@https://registry.npmjs.org/react-refresh/-/react-refresh-0.17.0.tgz. Extracting by manifest.
796 silly tarball no local data for @types/babel__core@https://registry.npmjs.org/@types/babel__core/-/babel__core-7.20.5.tgz. Extracting by manifest.
797 silly tarball no local data for @babel/parser@https://registry.npmjs.org/@babel/parser/-/parser-7.29.2.tgz. Extracting by manifest.
798 silly tarball no local data for @babel/code-frame@https://registry.npmjs.org/@babel/code-frame/-/code-frame-7.29.0.tgz. Extracting by manifest.
799 silly tarball no local data for @babel/plugin-transform-react-jsx-self@https://registry.npmjs.org/@babel/plugin-transform-react-jsx-self/-/plugin-transform-react-jsx-self-7.27.1.tgz. Extracting by manifest.
800 silly tarball no local data for @babel/plugin-transform-react-jsx-source@https://registry.npmjs.org/@babel/plugin-transform-react-jsx-source/-/plugin-transform-react-jsx-source-7.27.1.tgz. Extracting by manifest.
801 silly tarball no local data for @babel/generator@https://registry.npmjs.org/@babel/generator/-/generator-7.29.1.tgz. Extracting by manifest.
802 silly tarball no local data for @babel/core@https://registry.npmjs.org/@babel/core/-/core-7.29.0.tgz. Extracting by manifest.
803 silly tarball no local data for csstype@https://registry.npmjs.org/csstype/-/csstype-3.2.3.tgz. Extracting by manifest.
804 silly tarball no local data for react-dom@https://registry.npmjs.org/react-dom/-/react-dom-18.3.1.tgz. Extracting by manifest.
805 silly tarball no local data for typescript@https://registry.npmjs.org/typescript/-/typescript-5.9.3.tgz. Extracting by manifest.
806 silly tarball no local data for @types/prop-types@https://registry.npmjs.org/@types/prop-types/-/prop-types-15.7.15.tgz. Extracting by manifest.
807 silly tarball no local data for react@https://registry.npmjs.org/react/-/react-18.3.1.tgz. Extracting by manifest.
808 silly tarball no local data for @rolldown/pluginutils@https://registry.npmjs.org/@rolldown/pluginutils/-/pluginutils-1.0.0-beta.27.tgz. Extracting by manifest.
809 silly tarball no local data for vite@https://registry.npmjs.org/vite/-/vite-5.4.21.tgz. Extracting by manifest.
810 silly tarball no local data for @types/react@https://registry.npmjs.org/@types/react/-/react-18.3.28.tgz. Extracting by manifest.
811 silly tarball no local data for @vitejs/plugin-react@https://registry.npmjs.org/@vitejs/plugin-react/-/plugin-react-4.7.0.tgz. Extracting by manifest.
812 silly tarball no local data for @types/react-dom@https://registry.npmjs.org/@types/react-dom/-/react-dom-18.3.7.tgz. Extracting by manifest.
813 http fetch GET 200 https://registry.npmjs.org/nanoid/-/nanoid-3.3.11.tgz 65ms (cache miss)
814 http fetch GET 200 https://registry.npmjs.org/fsevents/-/fsevents-2.3.3.tgz 87ms (cache miss)
815 http fetch GET 200 https://registry.npmjs.org/postcss/-/postcss-8.5.9.tgz 101ms (cache miss)
816 http fetch GET 200 https://registry.npmjs.org/@types/estree/-/estree-1.0.8.tgz 106ms (cache miss)
817 http fetch GET 200 https://registry.npmjs.org/source-map-js/-/source-map-js-1.2.1.tgz 118ms (cache miss)
818 http fetch GET 200 https://registry.npmjs.org/esbuild/-/esbuild-0.21.5.tgz 122ms (cache miss)
819 http fetch GET 200 https://registry.npmjs.org/@types/babel__template/-/babel__template-7.4.4.tgz 174ms (cache miss)
820 http fetch GET 200 https://registry.npmjs.org/ms/-/ms-2.1.3.tgz 181ms (cache miss)
821 http fetch GET 200 https://registry.npmjs.org/electron-to-chromium/-/electron-to-chromium-1.5.335.tgz 194ms (cache miss)
822 http fetch GET 200 https://registry.npmjs.org/update-browserslist-db/-/update-browserslist-db-1.2.3.tgz 225ms (cache miss)
823 http fetch POST 200 https://registry.npmjs.org/-/npm/v1/security/advisories/bulk 237ms
824 silly audit report {
824 silly audit report   vite: [
824 silly audit report     {
824 silly audit report       id: 1116229,
824 silly audit report       url: 'https://github.com/advisories/GHSA-4w7w-66w2-5vf9',
824 silly audit report       title: 'Vite Vulnerable to Path Traversal in Optimized Deps `.map` Handling',
824 silly audit report       severity: 'moderate',
824 silly audit report       vulnerable_versions: '<=6.4.1',
824 silly audit report       cwe: [Array],
824 silly audit report       cvss: [Object]
824 silly audit report     }
824 silly audit report   ],
824 silly audit report   esbuild: [
824 silly audit report     {
824 silly audit report       id: 1102341,
824 silly audit report       url: 'https://github.com/advisories/GHSA-67mh-4wv8-2f99',
824 silly audit report       title: 'esbuild enables any website to send any requests to the development server and read the response',
824 silly audit report       severity: 'moderate',
824 silly audit report       vulnerable_versions: '<=0.24.2',
824 silly audit report       cwe: [Array],
824 silly audit report       cvss: [Object]
824 silly audit report     }
824 silly audit report   ]
824 silly audit report }
825 silly packumentCache corgi:https://registry.npmjs.org/vite cache-miss
826 silly packumentCache corgi:https://registry.npmjs.org/esbuild cache-miss
827 http fetch GET 200 https://registry.npmjs.org/loose-envify/-/loose-envify-1.4.0.tgz 233ms (cache miss)
828 http fetch GET 200 https://registry.npmjs.org/escalade/-/escalade-3.2.0.tgz 233ms (cache miss)
829 http fetch GET 200 https://registry.npmjs.org/node-releases/-/node-releases-2.0.37.tgz 247ms (cache miss)
830 http fetch GET 200 https://registry.npmjs.org/yallist/-/yallist-3.1.1.tgz 254ms (cache miss)
831 http fetch GET 200 https://registry.npmjs.org/scheduler/-/scheduler-0.23.2.tgz 264ms (cache miss)
832 http fetch GET 200 https://registry.npmjs.org/baseline-browser-mapping/-/baseline-browser-mapping-2.10.18.tgz 270ms (cache miss)
833 http fetch GET 200 https://registry.npmjs.org/rollup/-/rollup-4.60.1.tgz 272ms (cache miss)
834 http fetch GET 200 https://registry.npmjs.org/@types/babel__generator/-/babel__generator-7.27.0.tgz 282ms (cache miss)
835 http fetch GET 200 https://registry.npmjs.org/caniuse-lite/-/caniuse-lite-1.0.30001787.tgz 288ms (cache miss)
836 http fetch GET 200 https://registry.npmjs.org/@jridgewell/resolve-uri/-/resolve-uri-3.1.2.tgz 342ms (cache miss)
837 http fetch GET 200 https://registry.npmjs.org/@babel/helper-globals/-/helper-globals-7.28.0.tgz 343ms (cache miss)
838 http fetch GET 200 https://registry.npmjs.org/lru-cache/-/lru-cache-5.1.1.tgz 343ms (cache miss)
839 http fetch GET 200 https://registry.npmjs.org/@jridgewell/sourcemap-codec/-/sourcemap-codec-1.5.5.tgz 355ms (cache miss)
840 http fetch GET 200 https://registry.npmjs.org/browserslist/-/browserslist-4.28.2.tgz 384ms (cache miss)
841 http fetch GET 200 https://registry.npmjs.org/@babel/helper-string-parser/-/helper-string-parser-7.27.1.tgz 401ms (cache miss)
842 http fetch GET 200 https://registry.npmjs.org/@babel/compat-data/-/compat-data-7.29.0.tgz 426ms (cache miss)
843 http fetch GET 200 https://registry.npmjs.org/js-tokens/-/js-tokens-4.0.0.tgz 427ms (cache miss)
844 http fetch GET 200 https://registry.npmjs.org/picocolors/-/picocolors-1.1.1.tgz 427ms (cache miss)
845 http fetch GET 200 https://registry.npmjs.org/semver/-/semver-6.3.1.tgz 430ms (cache miss)
846 http fetch GET 200 https://registry.npmjs.org/@babel/helper-validator-option/-/helper-validator-option-7.27.1.tgz 430ms (cache miss)
847 http fetch GET 200 https://registry.npmjs.org/@babel/helper-module-imports/-/helper-module-imports-7.28.6.tgz 443ms (cache miss)
848 http fetch GET 200 https://registry.npmjs.org/@types/babel__traverse/-/babel__traverse-7.28.0.tgz 461ms (cache miss)
849 http fetch GET 200 https://registry.npmjs.org/json5/-/json5-2.2.3.tgz 534ms (cache miss)
850 http fetch GET 200 https://registry.npmjs.org/@babel/helper-plugin-utils/-/helper-plugin-utils-7.28.6.tgz 557ms (cache miss)
851 http fetch GET 200 https://registry.npmjs.org/@jridgewell/gen-mapping/-/gen-mapping-0.3.13.tgz 559ms (cache miss)
852 http fetch GET 200 https://registry.npmjs.org/@jridgewell/trace-mapping/-/trace-mapping-0.3.31.tgz 566ms (cache miss)
853 http fetch GET 200 https://registry.npmjs.org/gensync/-/gensync-1.0.0-beta.2.tgz 566ms (cache miss)
854 http fetch GET 200 https://registry.npmjs.org/@babel/helper-validator-identifier/-/helper-validator-identifier-7.28.5.tgz 581ms (cache miss)
855 http fetch GET 200 https://registry.npmjs.org/jsesc/-/jsesc-3.1.0.tgz 585ms (cache miss)
856 http fetch GET 200 https://registry.npmjs.org/convert-source-map/-/convert-source-map-2.0.0.tgz 608ms (cache miss)
857 http fetch GET 200 https://registry.npmjs.org/debug/-/debug-4.4.3.tgz 610ms (cache miss)
858 http fetch GET 200 https://registry.npmjs.org/@babel/template/-/template-7.28.6.tgz 675ms (cache miss)
859 http fetch GET 200 https://registry.npmjs.org/@jridgewell/remapping/-/remapping-2.3.5.tgz 684ms (cache miss)
860 http fetch GET 200 https://registry.npmjs.org/@babel/types/-/types-7.29.0.tgz 713ms (cache miss)
861 http fetch GET 200 https://registry.npmjs.org/react-refresh/-/react-refresh-0.17.0.tgz 736ms (cache miss)
862 http fetch GET 200 https://registry.npmjs.org/@babel/helper-module-transforms/-/helper-module-transforms-7.28.6.tgz 746ms (cache miss)
863 http fetch GET 200 https://registry.npmjs.org/@types/babel__core/-/babel__core-7.20.5.tgz 752ms (cache miss)
864 http fetch GET 200 https://registry.npmjs.org/@babel/code-frame/-/code-frame-7.29.0.tgz 753ms (cache miss)
865 http fetch GET 200 https://registry.npmjs.org/@babel/helper-compilation-targets/-/helper-compilation-targets-7.28.6.tgz 753ms (cache miss)
866 http fetch GET 200 https://registry.npmjs.org/@babel/plugin-transform-react-jsx-self/-/plugin-transform-react-jsx-self-7.27.1.tgz 754ms (cache miss)
867 http fetch GET 200 https://registry.npmjs.org/@babel/plugin-transform-react-jsx-source/-/plugin-transform-react-jsx-source-7.27.1.tgz 754ms (cache miss)
868 http fetch GET 200 https://registry.npmjs.org/@babel/traverse/-/traverse-7.29.0.tgz 827ms (cache miss)
869 http fetch GET 200 https://registry.npmjs.org/csstype/-/csstype-3.2.3.tgz 868ms (cache miss)
870 http fetch GET 200 https://registry.npmjs.org/@rollup/rollup-darwin-arm64/-/rollup-darwin-arm64-4.60.1.tgz 896ms (cache miss)
871 http fetch GET 200 https://registry.npmjs.org/@types/react/-/react-18.3.28.tgz 927ms (cache miss)
872 http fetch GET 200 https://registry.npmjs.org/@types/prop-types/-/prop-types-15.7.15.tgz 943ms (cache miss)
873 http fetch GET 200 https://registry.npmjs.org/react/-/react-18.3.1.tgz 948ms (cache miss)
874 http fetch GET 200 https://registry.npmjs.org/@rolldown/pluginutils/-/pluginutils-1.0.0-beta.27.tgz 949ms (cache miss)
875 http fetch GET 200 https://registry.npmjs.org/@babel/helpers/-/helpers-7.29.2.tgz 960ms (cache miss)
876 http fetch GET 200 https://registry.npmjs.org/@babel/generator/-/generator-7.29.1.tgz 963ms (cache miss)
877 http fetch GET 200 https://registry.npmjs.org/@types/react-dom/-/react-dom-18.3.7.tgz 991ms (cache miss)
878 http fetch GET 200 https://registry.npmjs.org/@vitejs/plugin-react/-/plugin-react-4.7.0.tgz 1009ms (cache miss)
879 http fetch GET 200 https://registry.npmjs.org/@babel/parser/-/parser-7.29.2.tgz 1125ms (cache miss)
880 http fetch GET 200 https://registry.npmjs.org/esbuild 961ms (cache miss)
881 silly packumentCache corgi:https://registry.npmjs.org/esbuild set size:undefined disposed:false
882 http fetch GET 200 https://registry.npmjs.org/vite 1069ms (cache miss)
883 silly packumentCache corgi:https://registry.npmjs.org/vite set size:undefined disposed:false
884 silly packumentCache corgi:https://registry.npmjs.org/@vitejs%2fplugin-react cache-miss
885 http fetch GET 200 https://registry.npmjs.org/@vitejs%2fplugin-react 286ms (cache miss)
886 silly packumentCache corgi:https://registry.npmjs.org/@vitejs%2fplugin-react set size:undefined disposed:false
887 http fetch GET 200 https://registry.npmjs.org/@esbuild/darwin-arm64/-/darwin-arm64-0.21.5.tgz 1681ms (cache miss)
888 http fetch GET 200 https://registry.npmjs.org/vite/-/vite-5.4.21.tgz 1686ms (cache miss)
889 http fetch GET 200 https://registry.npmjs.org/react-dom/-/react-dom-18.3.1.tgz 1796ms (cache miss)
890 http fetch GET 200 https://registry.npmjs.org/@babel/core/-/core-7.29.0.tgz 2059ms (cache miss)
891 http fetch GET 200 https://registry.npmjs.org/typescript/-/typescript-5.9.3.tgz 3830ms (cache miss)
892 info run fsevents@2.3.3 install node_modules/fsevents node-gyp rebuild
893 info run fsevents@2.3.3 install { code: 1, signal: null }
894 verbose reify failed optional dependency /Users/michalrubas/Apps/Minecraft/EduCraft/node_modules/fsevents
895 silly reify mark deleted [ '/Users/michalrubas/Apps/Minecraft/EduCraft/node_modules/fsevents' ]
896 info run esbuild@0.21.5 postinstall node_modules/esbuild node install.js
897 info run esbuild@0.21.5 postinstall { code: 0, signal: null }
898 silly ADD node_modules/@types/estree
899 silly ADD node_modules/@rollup/rollup-darwin-arm64
900 silly ADD node_modules/source-map-js
901 silly ADD node_modules/nanoid
902 silly ADD node_modules/@esbuild/darwin-arm64
903 silly ADD node_modules/rollup
904 silly ADD node_modules/postcss
905 silly ADD
906 silly ADD node_modules/esbuild
907 silly ADD node_modules/escalade
908 silly ADD node_modules/scheduler
909 silly ADD node_modules/loose-envify
910 silly ADD node_modules/yallist
911 silly ADD node_modules/ms
912 silly ADD node_modules/update-browserslist-db
913 silly ADD node_modules/node-releases
914 silly ADD node_modules/electron-to-chromium
915 silly ADD node_modules/caniuse-lite
916 silly ADD node_modules/baseline-browser-mapping
917 silly ADD node_modules/@types/babel__traverse
918 silly ADD node_modules/@types/babel__template
919 silly ADD node_modules/@types/babel__generator
920 silly ADD node_modules/@jridgewell/resolve-uri
921 silly ADD node_modules/@jridgewell/sourcemap-codec
922 silly ADD node_modules/@babel/helper-string-parser
923 silly ADD node_modules/@babel/helper-globals
924 silly ADD node_modules/@babel/helper-plugin-utils
925 silly ADD node_modules/@babel/helper-module-imports
926 silly ADD node_modules/lru-cache
927 silly ADD node_modules/browserslist
928 silly ADD node_modules/@babel/helper-validator-option
929 silly ADD node_modules/@babel/compat-data
930 silly ADD node_modules/jsesc
931 silly ADD node_modules/@jridgewell/trace-mapping
932 silly ADD node_modules/@jridgewell/gen-mapping
933 silly ADD node_modules/picocolors
934 silly ADD node_modules/js-tokens
935 silly ADD node_modules/@babel/helper-validator-identifier
936 silly ADD node_modules/semver
937 silly ADD node_modules/json5
938 silly ADD node_modules/gensync
939 silly ADD node_modules/debug
940 silly ADD node_modules/convert-source-map
941 silly ADD node_modules/@jridgewell/remapping
942 silly ADD node_modules/@babel/types
943 silly ADD node_modules/@babel/traverse
944 silly ADD node_modules/@babel/template
945 silly ADD node_modules/@babel/parser
946 silly ADD node_modules/@babel/helpers
947 silly ADD node_modules/@babel/helper-module-transforms
948 silly ADD node_modules/@babel/helper-compilation-targets
949 silly ADD node_modules/@babel/generator
950 silly ADD node_modules/@babel/code-frame
951 silly ADD node_modules/react-refresh
952 silly ADD node_modules/@types/babel__core
953 silly ADD node_modules/@rolldown/pluginutils
954 silly ADD node_modules/@babel/plugin-transform-react-jsx-source
955 silly ADD node_modules/@babel/plugin-transform-react-jsx-self
956 silly ADD node_modules/@babel/core
957 silly ADD node_modules/csstype
958 silly ADD node_modules/@types/prop-types
959 silly ADD node_modules/typescript
960 silly ADD node_modules/react-dom
961 silly ADD node_modules/react
962 silly ADD node_modules/vite
963 silly ADD node_modules/@vitejs/plugin-react
964 silly ADD node_modules/@types/react-dom
965 silly ADD node_modules/@types/react
966 verbose cwd /Users/michalrubas/Apps/Minecraft/EduCraft
967 verbose os Darwin 25.3.0
968 verbose node v25.8.0
969 verbose npm  v11.11.0
970 notice
970 notice New minor version of npm available! 11.11.0 -> 11.12.1
970 notice Changelog: https://github.com/npm/cli/releases/tag/v11.12.1
970 notice To update run: npm install -g npm@11.12.1
970 notice  { force: true, Symbol(proc-log.meta): true }
971 verbose exit 0
972 info ok
